14:58:04.191 [INFO ] [main] [com.yirong.UserApplication] - Starting UserApplication on DESKTOP-1DIFKEJ with PID 8420 (E:\gwgj\com.yirong.iis.user\target\classes started by lijp in E:\gwgj\com.yirong.iis.user)
14:58:04.194 [INFO ] [main] [com.yirong.UserApplication] - No active profile set, falling back to default profiles: default
14:58:04.290 [INFO ] [main] [org.springframework.boot.context.embedded.AnnotationConfigEmbeddedWebApplicationContext] - Refreshing org.springframework.boot.context.embedded.AnnotationConfigEmbeddedWebApplicationContext@ef9296d: startup date [Mon Nov 06 14:58:04 CST 2017]; root of context hierarchy
14:58:04.965 [INFO ] [background-preinit] [org.hibernate.validator.internal.util.Version] - HV000001: Hibernate Validator 5.3.5.Final
14:58:05.560 [INFO ] [main] [org.springframework.beans.factory.support.DefaultListableBeanFactory] - Overriding bean definition for bean 'dataSource' with a different definition: replacing [Root bean: class [null]; scope=; abstract=false; lazyInit=false; autowireMode=3; dependencyCheck=0; autowireCandidate=true; primary=false; factoryBeanName=coreApplication; factoryMethodName=dataSource; initMethodName=null; destroyMethodName=close; defined in class path resource [com/yirong/awaken/core/CoreApplication.class]] with [Root bean: class [null]; scope=; abstract=false; lazyInit=false; autowireMode=3; dependencyCheck=0; autowireCandidate=true; primary=false; factoryBeanName=userApplication; factoryMethodName=dataSource; initMethodName=null; destroyMethodName=close; defined in com.yirong.UserApplication]
14:58:05.563 [INFO ] [main] [org.springframework.beans.factory.support.DefaultListableBeanFactory] - Overriding bean definition for bean 'transactionInterceptor' with a different definition: replacing [Root bean: class [null]; scope=; abstract=false; lazyInit=false; autowireMode=3; dependencyCheck=0; autowireCandidate=true; primary=false; factoryBeanName=org.springframework.transaction.annotation.ProxyTransactionManagementConfiguration; factoryMethodName=transactionInterceptor; initMethodName=null; destroyMethodName=(inferred); defined in class path resource [org/springframework/transaction/annotation/ProxyTransactionManagementConfiguration.class]] with [Root bean: class [null]; scope=; abstract=false; lazyInit=false; autowireMode=3; dependencyCheck=0; autowireCandidate=true; primary=false; factoryBeanName=userApplication; factoryMethodName=transactionInterceptor; initMethodName=null; destroyMethodName=(inferred); defined in com.yirong.UserApplication]
14:58:05.932 [ERROR] [main] [com.yirong.commons.util.file.PropertiesFileUtil] - 加载配置文件异常
java.io.FileNotFoundException: E:\gwgj\com.yirong.iis.user\config\yr-awaken.properties (系统找不到指定的文件。)
	at java.io.FileInputStream.open0(Native Method)
	at java.io.FileInputStream.open(Unknown Source)
	at java.io.FileInputStream.<init>(Unknown Source)
	at java.io.FileInputStream.<init>(Unknown Source)
	at com.yirong.commons.util.file.PropertiesFileUtil.getPropertiesFileToMapFromOutFile(PropertiesFileUtil.java:59)
	at com.yirong.commons.web.interceptor.WebAppConfig.<clinit>(WebAppConfig.java:39)
	at java.lang.Class.forName0(Native Method)
	at java.lang.Class.forName(Unknown Source)
	at org.springframework.cglib.core.ReflectUtils.defineClass(ReflectUtils.java:467)
	at org.springframework.cglib.core.AbstractClassGenerator.generate(AbstractClassGenerator.java:336)
	at org.springframework.cglib.proxy.Enhancer.generate(Enhancer.java:492)
	at org.springframework.cglib.core.AbstractClassGenerator$ClassLoaderData$3.apply(AbstractClassGenerator.java:93)
	at org.springframework.cglib.core.AbstractClassGenerator$ClassLoaderData$3.apply(AbstractClassGenerator.java:91)
	at org.springframework.cglib.core.internal.LoadingCache$2.call(LoadingCache.java:54)
	at java.util.concurrent.FutureTask.run(Unknown Source)
	at org.springframework.cglib.core.internal.LoadingCache.createEntry(LoadingCache.java:61)
	at org.springframework.cglib.core.internal.LoadingCache.get(LoadingCache.java:34)
	at org.springframework.cglib.core.AbstractClassGenerator$ClassLoaderData.get(AbstractClassGenerator.java:116)
	at org.springframework.cglib.core.AbstractClassGenerator.create(AbstractClassGenerator.java:291)
	at org.springframework.cglib.proxy.Enhancer.createHelper(Enhancer.java:480)
	at org.springframework.cglib.proxy.Enhancer.createClass(Enhancer.java:337)
	at org.springframework.context.annotation.ConfigurationClassEnhancer.createClass(ConfigurationClassEnhancer.java:138)
	at org.springframework.context.annotation.ConfigurationClassEnhancer.enhance(ConfigurationClassEnhancer.java:110)
	at org.springframework.context.annotation.ConfigurationClassPostProcessor.enhanceConfigurationClasses(ConfigurationClassPostProcessor.java:393)
	at org.springframework.context.annotation.ConfigurationClassPostProcessor.postProcessBeanFactory(ConfigurationClassPostProcessor.java:249)
	at org.springframework.context.support.PostProcessorRegistrationDelegate.invokeBeanFactoryPostProcessors(PostProcessorRegistrationDelegate.java:281)
	at org.springframework.context.support.PostProcessorRegistrationDelegate.invokeBeanFactoryPostProcessors(PostProcessorRegistrationDelegate.java:125)
	at org.springframework.context.support.AbstractApplicationContext.invokeBeanFactoryPostProcessors(AbstractApplicationContext.java:686)
	at org.springframework.context.support.AbstractApplicationContext.refresh(AbstractApplicationContext.java:524)
	at org.springframework.boot.context.embedded.EmbeddedWebApplicationContext.refresh(EmbeddedWebApplicationContext.java:122)
	at org.springframework.boot.SpringApplication.refresh(SpringApplication.java:737)
	at org.springframework.boot.SpringApplication.refreshContext(SpringApplication.java:370)
	at org.springframework.boot.SpringApplication.run(SpringApplication.java:314)
	at org.springframework.boot.SpringApplication.run(SpringApplication.java:1162)
	at org.springframework.boot.SpringApplication.run(SpringApplication.java:1151)
	at com.yirong.UserApplication.main(UserApplication.java:22)
14:58:05.970 [ERROR] [main] [org.springframework.boot.SpringApplication] - Application startup failed
java.lang.IllegalStateException: Cannot load configuration class: com.yirong.commons.web.interceptor.WebAppConfig
	at org.springframework.context.annotation.ConfigurationClassPostProcessor.enhanceConfigurationClasses(ConfigurationClassPostProcessor.java:403)
	at org.springframework.context.annotation.ConfigurationClassPostProcessor.postProcessBeanFactory(ConfigurationClassPostProcessor.java:249)
	at org.springframework.context.support.PostProcessorRegistrationDelegate.invokeBeanFactoryPostProcessors(PostProcessorRegistrationDelegate.java:281)
	at org.springframework.context.support.PostProcessorRegistrationDelegate.invokeBeanFactoryPostProcessors(PostProcessorRegistrationDelegate.java:125)
	at org.springframework.context.support.AbstractApplicationContext.invokeBeanFactoryPostProcessors(AbstractApplicationContext.java:686)
	at org.springframework.context.support.AbstractApplicationContext.refresh(AbstractApplicationContext.java:524)
	at org.springframework.boot.context.embedded.EmbeddedWebApplicationContext.refresh(EmbeddedWebApplicationContext.java:122)
	at org.springframework.boot.SpringApplication.refresh(SpringApplication.java:737)
	at org.springframework.boot.SpringApplication.refreshContext(SpringApplication.java:370)
	at org.springframework.boot.SpringApplication.run(SpringApplication.java:314)
	at org.springframework.boot.SpringApplication.run(SpringApplication.java:1162)
	at org.springframework.boot.SpringApplication.run(SpringApplication.java:1151)
	at com.yirong.UserApplication.main(UserApplication.java:22)
Caused by: java.lang.IllegalStateException: Unable to load cache item
	at org.springframework.cglib.core.internal.LoadingCache.createEntry(LoadingCache.java:79)
	at org.springframework.cglib.core.internal.LoadingCache.get(LoadingCache.java:34)
	at org.springframework.cglib.core.AbstractClassGenerator$ClassLoaderData.get(AbstractClassGenerator.java:116)
	at org.springframework.cglib.core.AbstractClassGenerator.create(AbstractClassGenerator.java:291)
	at org.springframework.cglib.proxy.Enhancer.createHelper(Enhancer.java:480)
	at org.springframework.cglib.proxy.Enhancer.createClass(Enhancer.java:337)
	at org.springframework.context.annotation.ConfigurationClassEnhancer.createClass(ConfigurationClassEnhancer.java:138)
	at org.springframework.context.annotation.ConfigurationClassEnhancer.enhance(ConfigurationClassEnhancer.java:110)
	at org.springframework.context.annotation.ConfigurationClassPostProcessor.enhanceConfigurationClasses(ConfigurationClassPostProcessor.java:393)
	... 12 common frames omitted
Caused by: java.lang.ExceptionInInitializerError: null
	at java.lang.Class.forName0(Native Method)
	at java.lang.Class.forName(Unknown Source)
	at org.springframework.cglib.core.ReflectUtils.defineClass(ReflectUtils.java:467)
	at org.springframework.cglib.core.AbstractClassGenerator.generate(AbstractClassGenerator.java:336)
	at org.springframework.cglib.proxy.Enhancer.generate(Enhancer.java:492)
	at org.springframework.cglib.core.AbstractClassGenerator$ClassLoaderData$3.apply(AbstractClassGenerator.java:93)
	at org.springframework.cglib.core.AbstractClassGenerator$ClassLoaderData$3.apply(AbstractClassGenerator.java:91)
	at org.springframework.cglib.core.internal.LoadingCache$2.call(LoadingCache.java:54)
	at java.util.concurrent.FutureTask.run(Unknown Source)
	at org.springframework.cglib.core.internal.LoadingCache.createEntry(LoadingCache.java:61)
	... 20 common frames omitted
Caused by: java.lang.NullPointerException: null
	at com.yirong.commons.web.interceptor.WebAppConfig.<clinit>(WebAppConfig.java:44)
	... 30 common frames omitted
14:58:05.973 [INFO ] [main] [org.springframework.boot.context.embedded.AnnotationConfigEmbeddedWebApplicationContext] - Closing org.springframework.boot.context.embedded.AnnotationConfigEmbeddedWebApplicationContext@ef9296d: startup date [Mon Nov 06 14:58:04 CST 2017]; root of context hierarchy
14:58:05.979 [WARN ] [main] [org.springframework.boot.context.embedded.AnnotationConfigEmbeddedWebApplicationContext] - Exception thrown from LifecycleProcessor on context close
java.lang.IllegalStateException: LifecycleProcessor not initialized - call 'refresh' before invoking lifecycle methods via the context: org.springframework.boot.context.embedded.AnnotationConfigEmbeddedWebApplicationContext@ef9296d: startup date [Mon Nov 06 14:58:04 CST 2017]; root of context hierarchy
	at org.springframework.context.support.AbstractApplicationContext.getLifecycleProcessor(AbstractApplicationContext.java:417)
	at org.springframework.context.support.AbstractApplicationContext.doClose(AbstractApplicationContext.java:1002)
	at org.springframework.context.support.AbstractApplicationContext.close(AbstractApplicationContext.java:961)
	at org.springframework.boot.SpringApplication.handleRunFailure(SpringApplication.java:794)
	at org.springframework.boot.SpringApplication.run(SpringApplication.java:325)
	at org.springframework.boot.SpringApplication.run(SpringApplication.java:1162)
	at org.springframework.boot.SpringApplication.run(SpringApplication.java:1151)
	at com.yirong.UserApplication.main(UserApplication.java:22)
14:58:05.980 [ERROR] [main] [org.springframework.beans.factory.support.DefaultListableBeanFactory] - Destroy method on bean with name 'org.springframework.boot.autoconfigure.internalCachingMetadataReaderFactory' threw an exception
java.lang.IllegalStateException: ApplicationEventMulticaster not initialized - call 'refresh' before multicasting events via the context: org.springframework.boot.context.embedded.AnnotationConfigEmbeddedWebApplicationContext@ef9296d: startup date [Mon Nov 06 14:58:04 CST 2017]; root of context hierarchy
	at org.springframework.context.support.AbstractApplicationContext.getApplicationEventMulticaster(AbstractApplicationContext.java:404)
	at org.springframework.context.support.ApplicationListenerDetector.postProcessBeforeDestruction(ApplicationListenerDetector.java:97)
	at org.springframework.beans.factory.support.DisposableBeanAdapter.destroy(DisposableBeanAdapter.java:253)
	at org.springframework.beans.factory.support.DefaultSingletonBeanRegistry.destroyBean(DefaultSingletonBeanRegistry.java:578)
	at org.springframework.beans.factory.support.DefaultSingletonBeanRegistry.destroySingleton(DefaultSingletonBeanRegistry.java:554)
	at org.springframework.beans.factory.support.DefaultListableBeanFactory.destroySingleton(DefaultListableBeanFactory.java:961)
	at org.springframework.beans.factory.support.DefaultSingletonBeanRegistry.destroySingletons(DefaultSingletonBeanRegistry.java:523)
	at org.springframework.beans.factory.support.DefaultListableBeanFactory.destroySingletons(DefaultListableBeanFactory.java:968)
	at org.springframework.context.support.AbstractApplicationContext.destroyBeans(AbstractApplicationContext.java:1033)
	at org.springframework.context.support.AbstractApplicationContext.doClose(AbstractApplicationContext.java:1009)
	at org.springframework.context.support.AbstractApplicationContext.close(AbstractApplicationContext.java:961)
	at org.springframework.boot.SpringApplication.handleRunFailure(SpringApplication.java:794)
	at org.springframework.boot.SpringApplication.run(SpringApplication.java:325)
	at org.springframework.boot.SpringApplication.run(SpringApplication.java:1162)
	at org.springframework.boot.SpringApplication.run(SpringApplication.java:1151)
	at com.yirong.UserApplication.main(UserApplication.java:22)
15:01:00.610 [INFO ] [main] [com.yirong.UserApplication] - Starting UserApplication on DESKTOP-1DIFKEJ with PID 19388 (E:\gwgj\com.yirong.iis.user\target\classes started by lijp in E:\gwgj\com.yirong.iis.user)
15:01:00.621 [INFO ] [main] [com.yirong.UserApplication] - No active profile set, falling back to default profiles: default
15:01:00.689 [INFO ] [main] [org.springframework.boot.context.embedded.AnnotationConfigEmbeddedWebApplicationContext] - Refreshing org.springframework.boot.context.embedded.AnnotationConfigEmbeddedWebApplicationContext@7354b8c5: startup date [Mon Nov 06 15:01:00 CST 2017]; root of context hierarchy
15:01:01.086 [INFO ] [background-preinit] [org.hibernate.validator.internal.util.Version] - HV000001: Hibernate Validator 5.3.5.Final
15:01:01.679 [INFO ] [main] [org.springframework.beans.factory.support.DefaultListableBeanFactory] - Overriding bean definition for bean 'dataSource' with a different definition: replacing [Root bean: class [null]; scope=; abstract=false; lazyInit=false; autowireMode=3; dependencyCheck=0; autowireCandidate=true; primary=false; factoryBeanName=coreApplication; factoryMethodName=dataSource; initMethodName=null; destroyMethodName=close; defined in class path resource [com/yirong/awaken/core/CoreApplication.class]] with [Root bean: class [null]; scope=; abstract=false; lazyInit=false; autowireMode=3; dependencyCheck=0; autowireCandidate=true; primary=false; factoryBeanName=userApplication; factoryMethodName=dataSource; initMethodName=null; destroyMethodName=close; defined in com.yirong.UserApplication]
15:01:01.681 [INFO ] [main] [org.springframework.beans.factory.support.DefaultListableBeanFactory] - Overriding bean definition for bean 'transactionInterceptor' with a different definition: replacing [Root bean: class [null]; scope=; abstract=false; lazyInit=false; autowireMode=3; dependencyCheck=0; autowireCandidate=true; primary=false; factoryBeanName=org.springframework.transaction.annotation.ProxyTransactionManagementConfiguration; factoryMethodName=transactionInterceptor; initMethodName=null; destroyMethodName=(inferred); defined in class path resource [org/springframework/transaction/annotation/ProxyTransactionManagementConfiguration.class]] with [Root bean: class [null]; scope=; abstract=false; lazyInit=false; autowireMode=3; dependencyCheck=0; autowireCandidate=true; primary=false; factoryBeanName=userApplication; factoryMethodName=transactionInterceptor; initMethodName=null; destroyMethodName=(inferred); defined in com.yirong.UserApplication]
15:01:02.388 [INFO ] [main] [org.springframework.context.support.PostProcessorRegistrationDelegate$BeanPostProcessorChecker] - Bean 'userApplication' of type [com.yirong.UserApplication$$EnhancerBySpringCGLIB$$d03ec3b] is not eligible for getting processed by all BeanPostProcessors (for example: not eligible for auto-proxying)
15:01:04.280 [INFO ] [main] [com.alibaba.druid.pool.DruidDataSource] - {dataSource-1} inited
15:01:04.429 [INFO ] [main] [org.springframework.orm.jpa.LocalContainerEntityManagerFactoryBean] - Building JPA container EntityManagerFactory for persistence unit 'default'
15:01:04.464 [INFO ] [main] [org.hibernate.jpa.internal.util.LogHelper] - HHH000204: Processing PersistenceUnitInfo [
	name: default
	...]
15:01:04.598 [INFO ] [main] [org.hibernate.Version] - HHH000412: Hibernate Core {5.0.12.Final}
15:01:04.601 [INFO ] [main] [org.hibernate.cfg.Environment] - HHH000206: hibernate.properties not found
15:01:04.606 [INFO ] [main] [org.hibernate.cfg.Environment] - HHH000021: Bytecode provider name : javassist
15:01:04.833 [INFO ] [main] [org.hibernate.annotations.common.Version] - HCANN000001: Hibernate Commons Annotations {5.0.1.Final}
15:01:05.180 [INFO ] [main] [org.hibernate.dialect.Dialect] - HHH000400: Using dialect: org.hibernate.dialect.MySQL5Dialect
15:01:05.704 [WARN ] [main] [org.hibernate.id.UUIDHexGenerator] - HHH000409: Using org.hibernate.id.UUIDHexGenerator which does not generate IETF RFC 4122 compliant UUID values; consider using org.hibernate.id.UUIDGenerator instead
15:01:06.165 [INFO ] [main] [org.springframework.orm.jpa.LocalContainerEntityManagerFactoryBean] - Initialized JPA EntityManagerFactory for persistence unit 'default'
15:01:06.417 [INFO ] [main] [org.eclipse.jetty.util.log] - Logging initialized @7132ms to org.eclipse.jetty.util.log.Slf4jLog
15:01:06.526 [INFO ] [main] [org.springframework.boot.context.embedded.jetty.JettyEmbeddedServletContainerFactory] - Server initialized with port: 10280
15:01:06.529 [INFO ] [main] [org.eclipse.jetty.server.Server] - jetty-9.4.4.v20170414
15:01:06.597 [INFO ] [main] [org.eclipse.jetty.server.session] - DefaultSessionIdManager workerName=node0
15:01:06.598 [INFO ] [main] [org.eclipse.jetty.server.session] - No SessionScavenger set, using defaults
15:01:06.603 [INFO ] [main] [org.eclipse.jetty.server.session] - Scavenging every 600000ms
15:01:06.613 [INFO ] [main] [org.eclipse.jetty.server.handler.ContextHandler.application] - Initializing Spring embedded WebApplicationContext
15:01:06.613 [INFO ] [main] [org.springframework.web.context.ContextLoader] - Root WebApplicationContext: initialization completed in 5925 ms
15:01:06.829 [INFO ] [main] [org.springframework.boot.web.servlet.ServletRegistrationBean] - Mapping servlet: 'dispatcherServlet' to [/]
15:01:06.833 [INFO ] [main] [org.springframework.boot.web.servlet.FilterRegistrationBean] - Mapping filter: 'characterEncodingFilter' to: [/*]
15:01:06.843 [INFO ] [main] [org.springframework.boot.web.servlet.FilterRegistrationBean] - Mapping filter: 'hiddenHttpMethodFilter' to: [/*]
15:01:06.844 [INFO ] [main] [org.springframework.boot.web.servlet.FilterRegistrationBean] - Mapping filter: 'httpPutFormContentFilter' to: [/*]
15:01:06.844 [INFO ] [main] [org.springframework.boot.web.servlet.FilterRegistrationBean] - Mapping filter: 'requestContextFilter' to: [/*]
15:01:06.844 [INFO ] [main] [org.eclipse.jetty.server.handler.ContextHandler] - Started o.s.b.c.e.j.JettyEmbeddedWebAppContext@369a95a5{/,[file:///C:/Users/lijp/AppData/Local/Temp/jetty-docbase.8297747843614038601.10280/],AVAILABLE}
15:01:06.845 [INFO ] [main] [org.eclipse.jetty.server.Server] - Started @7560ms
15:01:07.301 [INFO ] [main] [org.hibernate.hql.internal.QueryTranslatorFactoryInitiator] - HHH000397: Using ASTQueryTranslatorFactory
15:01:08.315 [INFO ] [main] [org.springframework.web.servlet.mvc.method.annotation.RequestMappingHandlerAdapter] - Looking for @ControllerAdvice: org.springframework.boot.context.embedded.AnnotationConfigEmbeddedWebApplicationContext@7354b8c5: startup date [Mon Nov 06 15:01:00 CST 2017]; root of context hierarchy
15:01:08.445 [INFO ] [main] [org.springframework.web.servlet.mvc.method.annotation.RequestMappingHandlerMapping] - Mapped "{[/sysDictionaryApi/update],methods=[POST]}" onto public java.lang.String com.yirong.commons.sys.api.SysDictionaryApi.update(java.lang.String)
15:01:08.448 [INFO ] [main] [org.springframework.web.servlet.mvc.method.annotation.RequestMappingHandlerMapping] - Mapped "{[/sysDictionaryApi/delete],methods=[POST]}" onto public java.lang.String com.yirong.commons.sys.api.SysDictionaryApi.delete(java.lang.String)
15:01:08.448 [INFO ] [main] [org.springframework.web.servlet.mvc.method.annotation.RequestMappingHandlerMapping] - Mapped "{[/sysDictionaryApi/save],methods=[POST]}" onto public java.lang.String com.yirong.commons.sys.api.SysDictionaryApi.save(java.lang.String)
15:01:08.449 [INFO ] [main] [org.springframework.web.servlet.mvc.method.annotation.RequestMappingHandlerMapping] - Mapped "{[/sysDictionaryApi/getTree],methods=[POST]}" onto public java.lang.String com.yirong.commons.sys.api.SysDictionaryApi.getTree(java.lang.String)
15:01:08.450 [INFO ] [main] [org.springframework.web.servlet.mvc.method.annotation.RequestMappingHandlerMapping] - Mapped "{[/sysDictionaryApi/getCodeList],methods=[POST]}" onto public java.lang.String com.yirong.commons.sys.api.SysDictionaryApi.getCodeList(java.lang.String)
15:01:08.450 [INFO ] [main] [org.springframework.web.servlet.mvc.method.annotation.RequestMappingHandlerMapping] - Mapped "{[/sysDictionaryApi/queryList],methods=[POST]}" onto public java.lang.String com.yirong.commons.sys.api.SysDictionaryApi.queryList(java.lang.String)
15:01:08.451 [INFO ] [main] [org.springframework.web.servlet.mvc.method.annotation.RequestMappingHandlerMapping] - Mapped "{[/sysDictionaryApi/getById],methods=[POST]}" onto public java.lang.String com.yirong.commons.sys.api.SysDictionaryApi.getById(java.lang.String)
15:01:08.451 [INFO ] [main] [org.springframework.web.servlet.mvc.method.annotation.RequestMappingHandlerMapping] - Mapped "{[/sysDictionaryApi/getByCode],methods=[POST]}" onto public java.lang.String com.yirong.commons.sys.api.SysDictionaryApi.getByCode(java.lang.String)
15:01:08.451 [INFO ] [main] [org.springframework.web.servlet.mvc.method.annotation.RequestMappingHandlerMapping] - Mapped "{[/sysDictionaryApi/getCodeName],methods=[POST]}" onto public java.lang.String com.yirong.commons.sys.api.SysDictionaryApi.getCodeName(java.lang.String)
15:01:08.455 [INFO ] [main] [org.springframework.web.servlet.mvc.method.annotation.RequestMappingHandlerMapping] - Mapped "{[/sysParameterApi/update],methods=[POST]}" onto public java.lang.String com.yirong.commons.sys.api.SysParameterApi.update(java.lang.String)
15:01:08.456 [INFO ] [main] [org.springframework.web.servlet.mvc.method.annotation.RequestMappingHandlerMapping] - Mapped "{[/sysParameterApi/delete],methods=[POST]}" onto public java.lang.String com.yirong.commons.sys.api.SysParameterApi.delete(java.lang.String)
15:01:08.457 [INFO ] [main] [org.springframework.web.servlet.mvc.method.annotation.RequestMappingHandlerMapping] - Mapped "{[/sysParameterApi/save],methods=[POST]}" onto public java.lang.String com.yirong.commons.sys.api.SysParameterApi.save(java.lang.String)
15:01:08.458 [INFO ] [main] [org.springframework.web.servlet.mvc.method.annotation.RequestMappingHandlerMapping] - Mapped "{[/sysParameterApi/queryList],methods=[POST]}" onto public java.lang.String com.yirong.commons.sys.api.SysParameterApi.queryList(java.lang.String)
15:01:08.458 [INFO ] [main] [org.springframework.web.servlet.mvc.method.annotation.RequestMappingHandlerMapping] - Mapped "{[/sysParameterApi/getById],methods=[POST]}" onto public java.lang.String com.yirong.commons.sys.api.SysParameterApi.getById(java.lang.String)
15:01:08.459 [INFO ] [main] [org.springframework.web.servlet.mvc.method.annotation.RequestMappingHandlerMapping] - Mapped "{[/health],methods=[GET]}" onto public java.util.Map<java.lang.String, java.lang.Object> com.yirong.microservices.client.health.HealthController.health()
15:01:08.463 [INFO ] [main] [org.springframework.web.servlet.mvc.method.annotation.RequestMappingHandlerMapping] - Mapped "{[/login.do],methods=[GET]}" onto public void com.yirong.commons.web.controller.BaseController.login(javax.servlet.http.HttpServletRequest,javax.servlet.http.HttpServletResponse)
15:01:08.467 [INFO ] [main] [org.springframework.web.servlet.mvc.method.annotation.RequestMappingHandlerMapping] - Mapped "{[/forward.do],methods=[GET]}" onto public java.lang.String com.yirong.commons.web.controller.BaseController.forward(java.lang.String,javax.servlet.http.HttpServletRequest,javax.servlet.http.HttpServletResponse)
15:01:08.467 [INFO ] [main] [org.springframework.web.servlet.mvc.method.annotation.RequestMappingHandlerMapping] - Mapped "{[/msService],methods=[POST]}" onto public java.lang.String com.yirong.commons.web.controller.BaseController.msService(java.lang.String,java.lang.String,java.lang.String,javax.servlet.http.HttpServletRequest,javax.servlet.http.HttpServletResponse)
15:01:08.468 [INFO ] [main] [org.springframework.web.servlet.mvc.method.annotation.RequestMappingHandlerMapping] - Mapped "{[/isCheck.do],methods=[POST]}" onto public java.lang.String com.yirong.commons.web.controller.BaseController.isCheck(javax.servlet.http.HttpServletRequest)
15:01:08.476 [INFO ] [main] [org.springframework.web.servlet.mvc.method.annotation.RequestMappingHandlerMapping] - Mapped "{[/baseRest/getLoginUser],methods=[POST]}" onto public java.lang.String com.yirong.commons.web.controller.BaseRestController.getLoginUser(javax.servlet.http.HttpServletRequest)
15:01:08.477 [INFO ] [main] [org.springframework.web.servlet.mvc.method.annotation.RequestMappingHandlerMapping] - Mapped "{[/baseRest/loginSubmit],methods=[POST]}" onto public java.lang.String com.yirong.commons.web.controller.BaseRestController.loginSubmit(javax.servlet.http.HttpServletRequest,javax.servlet.http.HttpServletResponse,java.lang.String)
15:01:08.477 [INFO ] [main] [org.springframework.web.servlet.mvc.method.annotation.RequestMappingHandlerMapping] - Mapped "{[/baseRest/loginout],methods=[POST]}" onto public java.lang.String com.yirong.commons.web.controller.BaseRestController.loginout(javax.servlet.http.HttpServletRequest,javax.servlet.http.HttpServletResponse)
15:01:08.478 [INFO ] [main] [org.springframework.web.servlet.mvc.method.annotation.RequestMappingHandlerMapping] - Mapped "{[/baseRest/getMenu],methods=[POST]}" onto public java.lang.String com.yirong.commons.web.controller.BaseRestController.getMenu(javax.servlet.http.HttpServletRequest,java.lang.String,java.lang.String)
15:01:08.478 [INFO ] [main] [org.springframework.web.servlet.mvc.method.annotation.RequestMappingHandlerMapping] - Mapped "{[/baseRest/getSessionCount],methods=[POST]}" onto public java.lang.String com.yirong.commons.web.controller.BaseRestController.getSessionCount(javax.servlet.http.HttpServletRequest)
15:01:08.480 [INFO ] [main] [org.springframework.web.servlet.mvc.method.annotation.RequestMappingHandlerMapping] - Mapped "{[/error]}" onto public org.springframework.http.ResponseEntity<java.util.Map<java.lang.String, java.lang.Object>> org.springframework.boot.autoconfigure.web.BasicErrorController.error(javax.servlet.http.HttpServletRequest)
15:01:08.480 [INFO ] [main] [org.springframework.web.servlet.mvc.method.annotation.RequestMappingHandlerMapping] - Mapped "{[/error],produces=[text/html]}" onto public org.springframework.web.servlet.ModelAndView org.springframework.boot.autoconfigure.web.BasicErrorController.errorHtml(javax.servlet.http.HttpServletRequest,javax.servlet.http.HttpServletResponse)
15:01:08.565 [INFO ] [main] [org.springframework.web.servlet.handler.SimpleUrlHandlerMapping] - Mapped URL path [/templates/**] onto handler of type [class org.springframework.web.servlet.resource.ResourceHttpRequestHandler]
15:01:08.565 [INFO ] [main] [org.springframework.web.servlet.handler.SimpleUrlHandlerMapping] - Mapped URL path [/false**] onto handler of type [class org.springframework.web.servlet.resource.ResourceHttpRequestHandler]
15:01:08.565 [INFO ] [main] [org.springframework.web.servlet.handler.SimpleUrlHandlerMapping] - Mapped URL path [/webjars/**] onto handler of type [class org.springframework.web.servlet.resource.ResourceHttpRequestHandler]
15:01:08.570 [INFO ] [main] [org.springframework.web.servlet.handler.SimpleUrlHandlerMapping] - Mapped URL path [/**] onto handler of type [class org.springframework.web.servlet.resource.ResourceHttpRequestHandler]
15:01:08.654 [INFO ] [main] [org.springframework.web.servlet.handler.SimpleUrlHandlerMapping] - Mapped URL path [/**/favicon.ico] onto handler of type [class org.springframework.web.servlet.resource.ResourceHttpRequestHandler]
15:01:09.250 [INFO ] [main] [io.searchbox.client.AbstractJestClient] - Setting server pool to a list of 1 servers: [http://localhost:9200]
15:01:09.252 [INFO ] [main] [io.searchbox.client.JestClientFactory] - Using multi thread/connection supporting pooling connection manager
15:01:09.363 [INFO ] [main] [io.searchbox.client.JestClientFactory] - Using custom GSON instance
15:01:09.363 [INFO ] [main] [io.searchbox.client.JestClientFactory] - Node Discovery disabled...
15:01:09.363 [INFO ] [main] [io.searchbox.client.JestClientFactory] - Idle connection reaping disabled...
15:01:09.714 [INFO ] [main] [org.springframework.jmx.export.annotation.AnnotationMBeanExporter] - Registering beans for JMX exposure on startup
15:01:09.716 [INFO ] [main] [org.springframework.jmx.export.annotation.AnnotationMBeanExporter] - Bean with name 'dataSource' has been autodetected for JMX exposure
15:01:09.727 [INFO ] [main] [org.springframework.jmx.export.annotation.AnnotationMBeanExporter] - Located MBean 'dataSource': registering with JMX server as MBean [com.alibaba.druid.pool:name=dataSource,type=DruidDataSource]
15:01:09.744 [INFO ] [main] [org.eclipse.jetty.server.handler.ContextHandler.application] - Initializing Spring FrameworkServlet 'dispatcherServlet'
15:01:09.745 [INFO ] [main] [org.springframework.web.servlet.DispatcherServlet] - FrameworkServlet 'dispatcherServlet': initialization started
15:01:09.777 [INFO ] [main] [org.springframework.web.servlet.DispatcherServlet] - FrameworkServlet 'dispatcherServlet': initialization completed in 32 ms
15:01:10.041 [INFO ] [main] [org.eclipse.jetty.server.AbstractConnector] - Started ServerConnector@6318ff9{HTTP/1.1,[http/1.1]}{0.0.0.0:10280}
15:01:10.044 [INFO ] [main] [org.springframework.boot.context.embedded.jetty.JettyEmbeddedServletContainer] - Jetty started on port(s) 10280 (http/1.1)
15:01:10.052 [INFO ] [main] [com.yirong.iis.user.listener.UserInitServiceRunner] - ==============关联服务启动开始===============
15:01:13.749 [ERROR] [main] [com.yirong.iis.user.listener.UserInitServiceRunner] - 关联服务启动异常
java.lang.NumberFormatException: null
	at java.lang.Integer.parseInt(Unknown Source)
	at java.lang.Integer.parseInt(Unknown Source)
	at com.yirong.iis.user.listener.UserInitServiceRunner.run(UserInitServiceRunner.java:71)
	at org.springframework.boot.SpringApplication.callRunner(SpringApplication.java:776)
	at org.springframework.boot.SpringApplication.callRunners(SpringApplication.java:760)
	at org.springframework.boot.SpringApplication.afterRefresh(SpringApplication.java:747)
	at org.springframework.boot.SpringApplication.run(SpringApplication.java:315)
	at org.springframework.boot.SpringApplication.run(SpringApplication.java:1162)
	at org.springframework.boot.SpringApplication.run(SpringApplication.java:1151)
	at com.yirong.UserApplication.main(UserApplication.java:22)
15:01:13.752 [INFO ] [main] [com.yirong.UserApplication] - Started UserApplication in 13.523 seconds (JVM running for 14.466)
15:02:39.612 [INFO ] [main] [com.yirong.UserApplication] - Starting UserApplication on DESKTOP-1DIFKEJ with PID 20308 (E:\gwgj\com.yirong.iis.user\target\classes started by lijp in E:\gwgj\com.yirong.iis.user)
15:02:39.616 [INFO ] [main] [com.yirong.UserApplication] - No active profile set, falling back to default profiles: default
15:02:39.681 [INFO ] [main] [org.springframework.boot.context.embedded.AnnotationConfigEmbeddedWebApplicationContext] - Refreshing org.springframework.boot.context.embedded.AnnotationConfigEmbeddedWebApplicationContext@7354b8c5: startup date [Mon Nov 06 15:02:39 CST 2017]; root of context hierarchy
15:02:40.046 [INFO ] [background-preinit] [org.hibernate.validator.internal.util.Version] - HV000001: Hibernate Validator 5.3.5.Final
15:02:41.250 [INFO ] [main] [org.springframework.beans.factory.support.DefaultListableBeanFactory] - Overriding bean definition for bean 'dataSource' with a different definition: replacing [Root bean: class [null]; scope=; abstract=false; lazyInit=false; autowireMode=3; dependencyCheck=0; autowireCandidate=true; primary=false; factoryBeanName=coreApplication; factoryMethodName=dataSource; initMethodName=null; destroyMethodName=close; defined in class path resource [com/yirong/awaken/core/CoreApplication.class]] with [Root bean: class [null]; scope=; abstract=false; lazyInit=false; autowireMode=3; dependencyCheck=0; autowireCandidate=true; primary=false; factoryBeanName=userApplication; factoryMethodName=dataSource; initMethodName=null; destroyMethodName=close; defined in com.yirong.UserApplication]
15:02:41.275 [INFO ] [main] [org.springframework.beans.factory.support.DefaultListableBeanFactory] - Overriding bean definition for bean 'transactionInterceptor' with a different definition: replacing [Root bean: class [null]; scope=; abstract=false; lazyInit=false; autowireMode=3; dependencyCheck=0; autowireCandidate=true; primary=false; factoryBeanName=org.springframework.transaction.annotation.ProxyTransactionManagementConfiguration; factoryMethodName=transactionInterceptor; initMethodName=null; destroyMethodName=(inferred); defined in class path resource [org/springframework/transaction/annotation/ProxyTransactionManagementConfiguration.class]] with [Root bean: class [null]; scope=; abstract=false; lazyInit=false; autowireMode=3; dependencyCheck=0; autowireCandidate=true; primary=false; factoryBeanName=userApplication; factoryMethodName=transactionInterceptor; initMethodName=null; destroyMethodName=(inferred); defined in com.yirong.UserApplication]
15:02:42.086 [INFO ] [main] [org.springframework.context.support.PostProcessorRegistrationDelegate$BeanPostProcessorChecker] - Bean 'userApplication' of type [com.yirong.UserApplication$$EnhancerBySpringCGLIB$$55dc6723] is not eligible for getting processed by all BeanPostProcessors (for example: not eligible for auto-proxying)
15:02:43.875 [INFO ] [main] [com.alibaba.druid.pool.DruidDataSource] - {dataSource-1} inited
15:02:44.054 [INFO ] [main] [org.springframework.orm.jpa.LocalContainerEntityManagerFactoryBean] - Building JPA container EntityManagerFactory for persistence unit 'default'
15:02:44.087 [INFO ] [main] [org.hibernate.jpa.internal.util.LogHelper] - HHH000204: Processing PersistenceUnitInfo [
	name: default
	...]
15:02:44.196 [INFO ] [main] [org.hibernate.Version] - HHH000412: Hibernate Core {5.0.12.Final}
15:02:44.198 [INFO ] [main] [org.hibernate.cfg.Environment] - HHH000206: hibernate.properties not found
15:02:44.199 [INFO ] [main] [org.hibernate.cfg.Environment] - HHH000021: Bytecode provider name : javassist
15:02:44.349 [INFO ] [main] [org.hibernate.annotations.common.Version] - HCANN000001: Hibernate Commons Annotations {5.0.1.Final}
15:02:44.516 [INFO ] [main] [org.hibernate.dialect.Dialect] - HHH000400: Using dialect: org.hibernate.dialect.MySQL5Dialect
15:02:45.011 [WARN ] [main] [org.hibernate.id.UUIDHexGenerator] - HHH000409: Using org.hibernate.id.UUIDHexGenerator which does not generate IETF RFC 4122 compliant UUID values; consider using org.hibernate.id.UUIDGenerator instead
15:02:45.407 [INFO ] [main] [org.springframework.orm.jpa.LocalContainerEntityManagerFactoryBean] - Initialized JPA EntityManagerFactory for persistence unit 'default'
15:02:45.624 [INFO ] [main] [org.eclipse.jetty.util.log] - Logging initialized @6961ms to org.eclipse.jetty.util.log.Slf4jLog
15:02:45.749 [INFO ] [main] [org.springframework.boot.context.embedded.jetty.JettyEmbeddedServletContainerFactory] - Server initialized with port: 10280
15:02:45.758 [INFO ] [main] [org.eclipse.jetty.server.Server] - jetty-9.4.4.v20170414
15:02:45.849 [INFO ] [main] [org.eclipse.jetty.server.session] - DefaultSessionIdManager workerName=node0
15:02:45.850 [INFO ] [main] [org.eclipse.jetty.server.session] - No SessionScavenger set, using defaults
15:02:45.854 [INFO ] [main] [org.eclipse.jetty.server.session] - Scavenging every 660000ms
15:02:45.864 [INFO ] [main] [org.eclipse.jetty.server.handler.ContextHandler.application] - Initializing Spring embedded WebApplicationContext
15:02:45.864 [INFO ] [main] [org.springframework.web.context.ContextLoader] - Root WebApplicationContext: initialization completed in 6183 ms
15:02:46.038 [INFO ] [main] [org.springframework.boot.web.servlet.ServletRegistrationBean] - Mapping servlet: 'dispatcherServlet' to [/]
15:02:46.041 [INFO ] [main] [org.springframework.boot.web.servlet.FilterRegistrationBean] - Mapping filter: 'characterEncodingFilter' to: [/*]
15:02:46.052 [INFO ] [main] [org.springframework.boot.web.servlet.FilterRegistrationBean] - Mapping filter: 'hiddenHttpMethodFilter' to: [/*]
15:02:46.053 [INFO ] [main] [org.springframework.boot.web.servlet.FilterRegistrationBean] - Mapping filter: 'httpPutFormContentFilter' to: [/*]
15:02:46.054 [INFO ] [main] [org.springframework.boot.web.servlet.FilterRegistrationBean] - Mapping filter: 'requestContextFilter' to: [/*]
15:02:46.056 [INFO ] [main] [org.eclipse.jetty.server.handler.ContextHandler] - Started o.s.b.c.e.j.JettyEmbeddedWebAppContext@3f80d8c{/,[file:///C:/Users/lijp/AppData/Local/Temp/jetty-docbase.4972845615205151461.10280/],AVAILABLE}
15:02:46.057 [INFO ] [main] [org.eclipse.jetty.server.Server] - Started @7393ms
15:02:46.493 [INFO ] [main] [org.hibernate.hql.internal.QueryTranslatorFactoryInitiator] - HHH000397: Using ASTQueryTranslatorFactory
15:02:47.803 [INFO ] [main] [org.springframework.web.servlet.mvc.method.annotation.RequestMappingHandlerAdapter] - Looking for @ControllerAdvice: org.springframework.boot.context.embedded.AnnotationConfigEmbeddedWebApplicationContext@7354b8c5: startup date [Mon Nov 06 15:02:39 CST 2017]; root of context hierarchy
15:02:47.927 [INFO ] [main] [org.springframework.web.servlet.mvc.method.annotation.RequestMappingHandlerMapping] - Mapped "{[/sysDictionaryApi/update],methods=[POST]}" onto public java.lang.String com.yirong.commons.sys.api.SysDictionaryApi.update(java.lang.String)
15:02:47.928 [INFO ] [main] [org.springframework.web.servlet.mvc.method.annotation.RequestMappingHandlerMapping] - Mapped "{[/sysDictionaryApi/delete],methods=[POST]}" onto public java.lang.String com.yirong.commons.sys.api.SysDictionaryApi.delete(java.lang.String)
15:02:47.929 [INFO ] [main] [org.springframework.web.servlet.mvc.method.annotation.RequestMappingHandlerMapping] - Mapped "{[/sysDictionaryApi/save],methods=[POST]}" onto public java.lang.String com.yirong.commons.sys.api.SysDictionaryApi.save(java.lang.String)
15:02:47.929 [INFO ] [main] [org.springframework.web.servlet.mvc.method.annotation.RequestMappingHandlerMapping] - Mapped "{[/sysDictionaryApi/getTree],methods=[POST]}" onto public java.lang.String com.yirong.commons.sys.api.SysDictionaryApi.getTree(java.lang.String)
15:02:47.929 [INFO ] [main] [org.springframework.web.servlet.mvc.method.annotation.RequestMappingHandlerMapping] - Mapped "{[/sysDictionaryApi/getCodeList],methods=[POST]}" onto public java.lang.String com.yirong.commons.sys.api.SysDictionaryApi.getCodeList(java.lang.String)
15:02:47.930 [INFO ] [main] [org.springframework.web.servlet.mvc.method.annotation.RequestMappingHandlerMapping] - Mapped "{[/sysDictionaryApi/getById],methods=[POST]}" onto public java.lang.String com.yirong.commons.sys.api.SysDictionaryApi.getById(java.lang.String)
15:02:47.930 [INFO ] [main] [org.springframework.web.servlet.mvc.method.annotation.RequestMappingHandlerMapping] - Mapped "{[/sysDictionaryApi/getCodeName],methods=[POST]}" onto public java.lang.String com.yirong.commons.sys.api.SysDictionaryApi.getCodeName(java.lang.String)
15:02:47.930 [INFO ] [main] [org.springframework.web.servlet.mvc.method.annotation.RequestMappingHandlerMapping] - Mapped "{[/sysDictionaryApi/queryList],methods=[POST]}" onto public java.lang.String com.yirong.commons.sys.api.SysDictionaryApi.queryList(java.lang.String)
15:02:47.930 [INFO ] [main] [org.springframework.web.servlet.mvc.method.annotation.RequestMappingHandlerMapping] - Mapped "{[/sysDictionaryApi/getByCode],methods=[POST]}" onto public java.lang.String com.yirong.commons.sys.api.SysDictionaryApi.getByCode(java.lang.String)
15:02:47.945 [INFO ] [main] [org.springframework.web.servlet.mvc.method.annotation.RequestMappingHandlerMapping] - Mapped "{[/sysParameterApi/update],methods=[POST]}" onto public java.lang.String com.yirong.commons.sys.api.SysParameterApi.update(java.lang.String)
15:02:47.945 [INFO ] [main] [org.springframework.web.servlet.mvc.method.annotation.RequestMappingHandlerMapping] - Mapped "{[/sysParameterApi/delete],methods=[POST]}" onto public java.lang.String com.yirong.commons.sys.api.SysParameterApi.delete(java.lang.String)
15:02:47.946 [INFO ] [main] [org.springframework.web.servlet.mvc.method.annotation.RequestMappingHandlerMapping] - Mapped "{[/sysParameterApi/save],methods=[POST]}" onto public java.lang.String com.yirong.commons.sys.api.SysParameterApi.save(java.lang.String)
15:02:47.946 [INFO ] [main] [org.springframework.web.servlet.mvc.method.annotation.RequestMappingHandlerMapping] - Mapped "{[/sysParameterApi/getById],methods=[POST]}" onto public java.lang.String com.yirong.commons.sys.api.SysParameterApi.getById(java.lang.String)
15:02:47.946 [INFO ] [main] [org.springframework.web.servlet.mvc.method.annotation.RequestMappingHandlerMapping] - Mapped "{[/sysParameterApi/queryList],methods=[POST]}" onto public java.lang.String com.yirong.commons.sys.api.SysParameterApi.queryList(java.lang.String)
15:02:47.947 [INFO ] [main] [org.springframework.web.servlet.mvc.method.annotation.RequestMappingHandlerMapping] - Mapped "{[/health],methods=[GET]}" onto public java.util.Map<java.lang.String, java.lang.Object> com.yirong.microservices.client.health.HealthController.health()
15:02:47.949 [INFO ] [main] [org.springframework.web.servlet.mvc.method.annotation.RequestMappingHandlerMapping] - Mapped "{[/forward.do],methods=[GET]}" onto public java.lang.String com.yirong.commons.web.controller.BaseController.forward(java.lang.String,javax.servlet.http.HttpServletRequest,javax.servlet.http.HttpServletResponse)
15:02:47.949 [INFO ] [main] [org.springframework.web.servlet.mvc.method.annotation.RequestMappingHandlerMapping] - Mapped "{[/login.do],methods=[GET]}" onto public void com.yirong.commons.web.controller.BaseController.login(javax.servlet.http.HttpServletRequest,javax.servlet.http.HttpServletResponse)
15:02:47.949 [INFO ] [main] [org.springframework.web.servlet.mvc.method.annotation.RequestMappingHandlerMapping] - Mapped "{[/isCheck.do],methods=[POST]}" onto public java.lang.String com.yirong.commons.web.controller.BaseController.isCheck(javax.servlet.http.HttpServletRequest)
15:02:47.950 [INFO ] [main] [org.springframework.web.servlet.mvc.method.annotation.RequestMappingHandlerMapping] - Mapped "{[/msService],methods=[POST]}" onto public java.lang.String com.yirong.commons.web.controller.BaseController.msService(java.lang.String,java.lang.String,java.lang.String,javax.servlet.http.HttpServletRequest,javax.servlet.http.HttpServletResponse)
15:02:47.959 [INFO ] [main] [org.springframework.web.servlet.mvc.method.annotation.RequestMappingHandlerMapping] - Mapped "{[/baseRest/loginSubmit],methods=[POST]}" onto public java.lang.String com.yirong.commons.web.controller.BaseRestController.loginSubmit(javax.servlet.http.HttpServletRequest,javax.servlet.http.HttpServletResponse,java.lang.String)
15:02:47.959 [INFO ] [main] [org.springframework.web.servlet.mvc.method.annotation.RequestMappingHandlerMapping] - Mapped "{[/baseRest/getLoginUser],methods=[POST]}" onto public java.lang.String com.yirong.commons.web.controller.BaseRestController.getLoginUser(javax.servlet.http.HttpServletRequest)
15:02:47.960 [INFO ] [main] [org.springframework.web.servlet.mvc.method.annotation.RequestMappingHandlerMapping] - Mapped "{[/baseRest/loginout],methods=[POST]}" onto public java.lang.String com.yirong.commons.web.controller.BaseRestController.loginout(javax.servlet.http.HttpServletRequest,javax.servlet.http.HttpServletResponse)
15:02:47.960 [INFO ] [main] [org.springframework.web.servlet.mvc.method.annotation.RequestMappingHandlerMapping] - Mapped "{[/baseRest/getMenu],methods=[POST]}" onto public java.lang.String com.yirong.commons.web.controller.BaseRestController.getMenu(javax.servlet.http.HttpServletRequest,java.lang.String,java.lang.String)
15:02:47.961 [INFO ] [main] [org.springframework.web.servlet.mvc.method.annotation.RequestMappingHandlerMapping] - Mapped "{[/baseRest/getSessionCount],methods=[POST]}" onto public java.lang.String com.yirong.commons.web.controller.BaseRestController.getSessionCount(javax.servlet.http.HttpServletRequest)
15:02:47.963 [INFO ] [main] [org.springframework.web.servlet.mvc.method.annotation.RequestMappingHandlerMapping] - Mapped "{[/error]}" onto public org.springframework.http.ResponseEntity<java.util.Map<java.lang.String, java.lang.Object>> org.springframework.boot.autoconfigure.web.BasicErrorController.error(javax.servlet.http.HttpServletRequest)
15:02:47.964 [INFO ] [main] [org.springframework.web.servlet.mvc.method.annotation.RequestMappingHandlerMapping] - Mapped "{[/error],produces=[text/html]}" onto public org.springframework.web.servlet.ModelAndView org.springframework.boot.autoconfigure.web.BasicErrorController.errorHtml(javax.servlet.http.HttpServletRequest,javax.servlet.http.HttpServletResponse)
15:02:48.049 [INFO ] [main] [org.springframework.web.servlet.handler.SimpleUrlHandlerMapping] - Mapped URL path [/templates/**] onto handler of type [class org.springframework.web.servlet.resource.ResourceHttpRequestHandler]
15:02:48.049 [INFO ] [main] [org.springframework.web.servlet.handler.SimpleUrlHandlerMapping] - Mapped URL path [/false**] onto handler of type [class org.springframework.web.servlet.resource.ResourceHttpRequestHandler]
15:02:48.049 [INFO ] [main] [org.springframework.web.servlet.handler.SimpleUrlHandlerMapping] - Mapped URL path [/webjars/**] onto handler of type [class org.springframework.web.servlet.resource.ResourceHttpRequestHandler]
15:02:48.050 [INFO ] [main] [org.springframework.web.servlet.handler.SimpleUrlHandlerMapping] - Mapped URL path [/**] onto handler of type [class org.springframework.web.servlet.resource.ResourceHttpRequestHandler]
15:02:48.124 [INFO ] [main] [org.springframework.web.servlet.handler.SimpleUrlHandlerMapping] - Mapped URL path [/**/favicon.ico] onto handler of type [class org.springframework.web.servlet.resource.ResourceHttpRequestHandler]
15:02:48.648 [INFO ] [main] [io.searchbox.client.AbstractJestClient] - Setting server pool to a list of 1 servers: [http://localhost:9200]
15:02:48.650 [INFO ] [main] [io.searchbox.client.JestClientFactory] - Using multi thread/connection supporting pooling connection manager
15:02:48.750 [INFO ] [main] [io.searchbox.client.JestClientFactory] - Using custom GSON instance
15:02:48.752 [INFO ] [main] [io.searchbox.client.JestClientFactory] - Node Discovery disabled...
15:02:48.752 [INFO ] [main] [io.searchbox.client.JestClientFactory] - Idle connection reaping disabled...
15:02:49.078 [INFO ] [main] [org.springframework.jmx.export.annotation.AnnotationMBeanExporter] - Registering beans for JMX exposure on startup
15:02:49.080 [INFO ] [main] [org.springframework.jmx.export.annotation.AnnotationMBeanExporter] - Bean with name 'dataSource' has been autodetected for JMX exposure
15:02:49.086 [INFO ] [main] [org.springframework.jmx.export.annotation.AnnotationMBeanExporter] - Located MBean 'dataSource': registering with JMX server as MBean [com.alibaba.druid.pool:name=dataSource,type=DruidDataSource]
15:02:49.105 [INFO ] [main] [org.eclipse.jetty.server.handler.ContextHandler.application] - Initializing Spring FrameworkServlet 'dispatcherServlet'
15:02:49.106 [INFO ] [main] [org.springframework.web.servlet.DispatcherServlet] - FrameworkServlet 'dispatcherServlet': initialization started
15:02:49.141 [INFO ] [main] [org.springframework.web.servlet.DispatcherServlet] - FrameworkServlet 'dispatcherServlet': initialization completed in 35 ms
15:02:49.394 [INFO ] [main] [org.eclipse.jetty.server.AbstractConnector] - Started ServerConnector@38e052b2{HTTP/1.1,[http/1.1]}{0.0.0.0:10280}
15:02:49.395 [INFO ] [main] [org.springframework.boot.context.embedded.jetty.JettyEmbeddedServletContainer] - Jetty started on port(s) 10280 (http/1.1)
15:02:49.401 [INFO ] [main] [com.yirong.iis.user.listener.UserInitServiceRunner] - ==============关联服务启动开始===============
15:02:51.955 [ERROR] [main] [com.yirong.iis.user.listener.UserInitServiceRunner] - 关联服务启动异常
java.lang.NumberFormatException: null
	at java.lang.Integer.parseInt(Unknown Source)
	at java.lang.Integer.parseInt(Unknown Source)
	at com.yirong.iis.user.listener.UserInitServiceRunner.run(UserInitServiceRunner.java:71)
	at org.springframework.boot.SpringApplication.callRunner(SpringApplication.java:776)
	at org.springframework.boot.SpringApplication.callRunners(SpringApplication.java:760)
	at org.springframework.boot.SpringApplication.afterRefresh(SpringApplication.java:747)
	at org.springframework.boot.SpringApplication.run(SpringApplication.java:315)
	at org.springframework.boot.SpringApplication.run(SpringApplication.java:1162)
	at org.springframework.boot.SpringApplication.run(SpringApplication.java:1151)
	at com.yirong.UserApplication.main(UserApplication.java:22)
15:02:51.958 [INFO ] [main] [com.yirong.UserApplication] - Started UserApplication in 12.705 seconds (JVM running for 13.295)
15:05:21.707 [INFO ] [pool-3-thread-1] [com.yirong.commons.cache.util.LocalCacheJob] - ==============deleDataService定时任务开始运行==========
15:05:21.707 [INFO ] [pool-3-thread-1] [com.yirong.commons.cache.util.LocalCacheJob] - ==============deleDataService定时任务结束运行==========
15:07:21.707 [INFO ] [pool-3-thread-1] [com.yirong.commons.cache.util.LocalCacheJob] - ==============deleDataService定时任务开始运行==========
15:07:21.707 [INFO ] [pool-3-thread-1] [com.yirong.commons.cache.util.LocalCacheJob] - ==============deleDataService定时任务结束运行==========
15:07:58.335 [INFO ] [main] [com.yirong.UserApplication] - Starting UserApplication on DESKTOP-1DIFKEJ with PID 15148 (E:\gwgj\com.yirong.iis.user\target\classes started by lijp in E:\gwgj\com.yirong.iis.user)
15:07:58.348 [INFO ] [main] [com.yirong.UserApplication] - No active profile set, falling back to default profiles: default
15:07:58.418 [INFO ] [main] [org.springframework.boot.context.embedded.AnnotationConfigEmbeddedWebApplicationContext] - Refreshing org.springframework.boot.context.embedded.AnnotationConfigEmbeddedWebApplicationContext@7354b8c5: startup date [Mon Nov 06 15:07:58 CST 2017]; root of context hierarchy
15:07:58.809 [INFO ] [background-preinit] [org.hibernate.validator.internal.util.Version] - HV000001: Hibernate Validator 5.3.5.Final
15:07:59.393 [INFO ] [main] [org.springframework.beans.factory.support.DefaultListableBeanFactory] - Overriding bean definition for bean 'dataSource' with a different definition: replacing [Root bean: class [null]; scope=; abstract=false; lazyInit=false; autowireMode=3; dependencyCheck=0; autowireCandidate=true; primary=false; factoryBeanName=coreApplication; factoryMethodName=dataSource; initMethodName=null; destroyMethodName=close; defined in class path resource [com/yirong/awaken/core/CoreApplication.class]] with [Root bean: class [null]; scope=; abstract=false; lazyInit=false; autowireMode=3; dependencyCheck=0; autowireCandidate=true; primary=false; factoryBeanName=userApplication; factoryMethodName=dataSource; initMethodName=null; destroyMethodName=close; defined in com.yirong.UserApplication]
15:07:59.395 [INFO ] [main] [org.springframework.beans.factory.support.DefaultListableBeanFactory] - Overriding bean definition for bean 'transactionInterceptor' with a different definition: replacing [Root bean: class [null]; scope=; abstract=false; lazyInit=false; autowireMode=3; dependencyCheck=0; autowireCandidate=true; primary=false; factoryBeanName=org.springframework.transaction.annotation.ProxyTransactionManagementConfiguration; factoryMethodName=transactionInterceptor; initMethodName=null; destroyMethodName=(inferred); defined in class path resource [org/springframework/transaction/annotation/ProxyTransactionManagementConfiguration.class]] with [Root bean: class [null]; scope=; abstract=false; lazyInit=false; autowireMode=3; dependencyCheck=0; autowireCandidate=true; primary=false; factoryBeanName=userApplication; factoryMethodName=transactionInterceptor; initMethodName=null; destroyMethodName=(inferred); defined in com.yirong.UserApplication]
15:08:00.286 [INFO ] [main] [org.springframework.context.support.PostProcessorRegistrationDelegate$BeanPostProcessorChecker] - Bean 'userApplication' of type [com.yirong.UserApplication$$EnhancerBySpringCGLIB$$776c7508] is not eligible for getting processed by all BeanPostProcessors (for example: not eligible for auto-proxying)
15:08:01.612 [INFO ] [main] [com.alibaba.druid.pool.DruidDataSource] - {dataSource-1} inited
15:08:01.749 [INFO ] [main] [org.springframework.orm.jpa.LocalContainerEntityManagerFactoryBean] - Building JPA container EntityManagerFactory for persistence unit 'default'
15:08:01.777 [INFO ] [main] [org.hibernate.jpa.internal.util.LogHelper] - HHH000204: Processing PersistenceUnitInfo [
	name: default
	...]
15:08:01.869 [INFO ] [main] [org.hibernate.Version] - HHH000412: Hibernate Core {5.0.12.Final}
15:08:01.871 [INFO ] [main] [org.hibernate.cfg.Environment] - HHH000206: hibernate.properties not found
15:08:01.872 [INFO ] [main] [org.hibernate.cfg.Environment] - HHH000021: Bytecode provider name : javassist
15:08:02.017 [INFO ] [main] [org.hibernate.annotations.common.Version] - HCANN000001: Hibernate Commons Annotations {5.0.1.Final}
15:08:02.167 [INFO ] [main] [org.hibernate.dialect.Dialect] - HHH000400: Using dialect: org.hibernate.dialect.MySQL5Dialect
15:08:02.492 [WARN ] [main] [org.hibernate.id.UUIDHexGenerator] - HHH000409: Using org.hibernate.id.UUIDHexGenerator which does not generate IETF RFC 4122 compliant UUID values; consider using org.hibernate.id.UUIDGenerator instead
15:08:02.867 [INFO ] [main] [org.springframework.orm.jpa.LocalContainerEntityManagerFactoryBean] - Initialized JPA EntityManagerFactory for persistence unit 'default'
15:08:03.099 [INFO ] [main] [org.eclipse.jetty.util.log] - Logging initialized @5738ms to org.eclipse.jetty.util.log.Slf4jLog
15:08:03.194 [INFO ] [main] [org.springframework.boot.context.embedded.jetty.JettyEmbeddedServletContainerFactory] - Server initialized with port: 10280
15:08:03.197 [INFO ] [main] [org.eclipse.jetty.server.Server] - jetty-9.4.4.v20170414
15:08:03.248 [INFO ] [main] [org.eclipse.jetty.server.session] - DefaultSessionIdManager workerName=node0
15:08:03.249 [INFO ] [main] [org.eclipse.jetty.server.session] - No SessionScavenger set, using defaults
15:08:03.251 [INFO ] [main] [org.eclipse.jetty.server.session] - Scavenging every 660000ms
15:08:03.259 [INFO ] [main] [org.eclipse.jetty.server.handler.ContextHandler.application] - Initializing Spring embedded WebApplicationContext
15:08:03.259 [INFO ] [main] [org.springframework.web.context.ContextLoader] - Root WebApplicationContext: initialization completed in 4841 ms
15:08:03.440 [INFO ] [main] [org.springframework.boot.web.servlet.ServletRegistrationBean] - Mapping servlet: 'dispatcherServlet' to [/]
15:08:03.455 [INFO ] [main] [org.springframework.boot.web.servlet.FilterRegistrationBean] - Mapping filter: 'characterEncodingFilter' to: [/*]
15:08:03.466 [INFO ] [main] [org.springframework.boot.web.servlet.FilterRegistrationBean] - Mapping filter: 'hiddenHttpMethodFilter' to: [/*]
15:08:03.466 [INFO ] [main] [org.springframework.boot.web.servlet.FilterRegistrationBean] - Mapping filter: 'httpPutFormContentFilter' to: [/*]
15:08:03.466 [INFO ] [main] [org.springframework.boot.web.servlet.FilterRegistrationBean] - Mapping filter: 'requestContextFilter' to: [/*]
15:08:03.467 [INFO ] [main] [org.eclipse.jetty.server.handler.ContextHandler] - Started o.s.b.c.e.j.JettyEmbeddedWebAppContext@3bf01a01{/,[file:///C:/Users/lijp/AppData/Local/Temp/jetty-docbase.9040826764060200327.10280/],AVAILABLE}
15:08:03.468 [INFO ] [main] [org.eclipse.jetty.server.Server] - Started @6107ms
15:08:03.890 [INFO ] [main] [org.hibernate.hql.internal.QueryTranslatorFactoryInitiator] - HHH000397: Using ASTQueryTranslatorFactory
15:08:04.715 [INFO ] [main] [org.springframework.web.servlet.mvc.method.annotation.RequestMappingHandlerAdapter] - Looking for @ControllerAdvice: org.springframework.boot.context.embedded.AnnotationConfigEmbeddedWebApplicationContext@7354b8c5: startup date [Mon Nov 06 15:07:58 CST 2017]; root of context hierarchy
15:08:04.824 [INFO ] [main] [org.springframework.web.servlet.mvc.method.annotation.RequestMappingHandlerMapping] - Mapped "{[/sysDictionaryApi/update],methods=[POST]}" onto public java.lang.String com.yirong.commons.sys.api.SysDictionaryApi.update(java.lang.String)
15:08:04.827 [INFO ] [main] [org.springframework.web.servlet.mvc.method.annotation.RequestMappingHandlerMapping] - Mapped "{[/sysDictionaryApi/delete],methods=[POST]}" onto public java.lang.String com.yirong.commons.sys.api.SysDictionaryApi.delete(java.lang.String)
15:08:04.827 [INFO ] [main] [org.springframework.web.servlet.mvc.method.annotation.RequestMappingHandlerMapping] - Mapped "{[/sysDictionaryApi/save],methods=[POST]}" onto public java.lang.String com.yirong.commons.sys.api.SysDictionaryApi.save(java.lang.String)
15:08:04.827 [INFO ] [main] [org.springframework.web.servlet.mvc.method.annotation.RequestMappingHandlerMapping] - Mapped "{[/sysDictionaryApi/getTree],methods=[POST]}" onto public java.lang.String com.yirong.commons.sys.api.SysDictionaryApi.getTree(java.lang.String)
15:08:04.830 [INFO ] [main] [org.springframework.web.servlet.mvc.method.annotation.RequestMappingHandlerMapping] - Mapped "{[/sysDictionaryApi/getById],methods=[POST]}" onto public java.lang.String com.yirong.commons.sys.api.SysDictionaryApi.getById(java.lang.String)
15:08:04.831 [INFO ] [main] [org.springframework.web.servlet.mvc.method.annotation.RequestMappingHandlerMapping] - Mapped "{[/sysDictionaryApi/getByCode],methods=[POST]}" onto public java.lang.String com.yirong.commons.sys.api.SysDictionaryApi.getByCode(java.lang.String)
15:08:04.831 [INFO ] [main] [org.springframework.web.servlet.mvc.method.annotation.RequestMappingHandlerMapping] - Mapped "{[/sysDictionaryApi/getCodeList],methods=[POST]}" onto public java.lang.String com.yirong.commons.sys.api.SysDictionaryApi.getCodeList(java.lang.String)
15:08:04.832 [INFO ] [main] [org.springframework.web.servlet.mvc.method.annotation.RequestMappingHandlerMapping] - Mapped "{[/sysDictionaryApi/getCodeName],methods=[POST]}" onto public java.lang.String com.yirong.commons.sys.api.SysDictionaryApi.getCodeName(java.lang.String)
15:08:04.832 [INFO ] [main] [org.springframework.web.servlet.mvc.method.annotation.RequestMappingHandlerMapping] - Mapped "{[/sysDictionaryApi/queryList],methods=[POST]}" onto public java.lang.String com.yirong.commons.sys.api.SysDictionaryApi.queryList(java.lang.String)
15:08:04.835 [INFO ] [main] [org.springframework.web.servlet.mvc.method.annotation.RequestMappingHandlerMapping] - Mapped "{[/sysParameterApi/update],methods=[POST]}" onto public java.lang.String com.yirong.commons.sys.api.SysParameterApi.update(java.lang.String)
15:08:04.836 [INFO ] [main] [org.springframework.web.servlet.mvc.method.annotation.RequestMappingHandlerMapping] - Mapped "{[/sysParameterApi/delete],methods=[POST]}" onto public java.lang.String com.yirong.commons.sys.api.SysParameterApi.delete(java.lang.String)
15:08:04.838 [INFO ] [main] [org.springframework.web.servlet.mvc.method.annotation.RequestMappingHandlerMapping] - Mapped "{[/sysParameterApi/save],methods=[POST]}" onto public java.lang.String com.yirong.commons.sys.api.SysParameterApi.save(java.lang.String)
15:08:04.838 [INFO ] [main] [org.springframework.web.servlet.mvc.method.annotation.RequestMappingHandlerMapping] - Mapped "{[/sysParameterApi/getById],methods=[POST]}" onto public java.lang.String com.yirong.commons.sys.api.SysParameterApi.getById(java.lang.String)
15:08:04.839 [INFO ] [main] [org.springframework.web.servlet.mvc.method.annotation.RequestMappingHandlerMapping] - Mapped "{[/sysParameterApi/queryList],methods=[POST]}" onto public java.lang.String com.yirong.commons.sys.api.SysParameterApi.queryList(java.lang.String)
15:08:04.839 [INFO ] [main] [org.springframework.web.servlet.mvc.method.annotation.RequestMappingHandlerMapping] - Mapped "{[/health],methods=[GET]}" onto public java.util.Map<java.lang.String, java.lang.Object> com.yirong.microservices.client.health.HealthController.health()
15:08:04.842 [INFO ] [main] [org.springframework.web.servlet.mvc.method.annotation.RequestMappingHandlerMapping] - Mapped "{[/msService],methods=[POST]}" onto public java.lang.String com.yirong.commons.web.controller.BaseController.msService(java.lang.String,java.lang.String,java.lang.String,javax.servlet.http.HttpServletRequest,javax.servlet.http.HttpServletResponse)
15:08:04.843 [INFO ] [main] [org.springframework.web.servlet.mvc.method.annotation.RequestMappingHandlerMapping] - Mapped "{[/forward.do],methods=[GET]}" onto public java.lang.String com.yirong.commons.web.controller.BaseController.forward(java.lang.String,javax.servlet.http.HttpServletRequest,javax.servlet.http.HttpServletResponse)
15:08:04.847 [INFO ] [main] [org.springframework.web.servlet.mvc.method.annotation.RequestMappingHandlerMapping] - Mapped "{[/isCheck.do],methods=[POST]}" onto public java.lang.String com.yirong.commons.web.controller.BaseController.isCheck(javax.servlet.http.HttpServletRequest)
15:08:04.847 [INFO ] [main] [org.springframework.web.servlet.mvc.method.annotation.RequestMappingHandlerMapping] - Mapped "{[/login.do],methods=[GET]}" onto public void com.yirong.commons.web.controller.BaseController.login(javax.servlet.http.HttpServletRequest,javax.servlet.http.HttpServletResponse)
15:08:04.852 [INFO ] [main] [org.springframework.web.servlet.mvc.method.annotation.RequestMappingHandlerMapping] - Mapped "{[/baseRest/loginSubmit],methods=[POST]}" onto public java.lang.String com.yirong.commons.web.controller.BaseRestController.loginSubmit(javax.servlet.http.HttpServletRequest,javax.servlet.http.HttpServletResponse,java.lang.String)
15:08:04.853 [INFO ] [main] [org.springframework.web.servlet.mvc.method.annotation.RequestMappingHandlerMapping] - Mapped "{[/baseRest/loginout],methods=[POST]}" onto public java.lang.String com.yirong.commons.web.controller.BaseRestController.loginout(javax.servlet.http.HttpServletRequest,javax.servlet.http.HttpServletResponse)
15:08:04.854 [INFO ] [main] [org.springframework.web.servlet.mvc.method.annotation.RequestMappingHandlerMapping] - Mapped "{[/baseRest/getLoginUser],methods=[POST]}" onto public java.lang.String com.yirong.commons.web.controller.BaseRestController.getLoginUser(javax.servlet.http.HttpServletRequest)
15:08:04.854 [INFO ] [main] [org.springframework.web.servlet.mvc.method.annotation.RequestMappingHandlerMapping] - Mapped "{[/baseRest/getSessionCount],methods=[POST]}" onto public java.lang.String com.yirong.commons.web.controller.BaseRestController.getSessionCount(javax.servlet.http.HttpServletRequest)
15:08:04.854 [INFO ] [main] [org.springframework.web.servlet.mvc.method.annotation.RequestMappingHandlerMapping] - Mapped "{[/baseRest/getMenu],methods=[POST]}" onto public java.lang.String com.yirong.commons.web.controller.BaseRestController.getMenu(javax.servlet.http.HttpServletRequest,java.lang.String,java.lang.String)
15:08:04.856 [INFO ] [main] [org.springframework.web.servlet.mvc.method.annotation.RequestMappingHandlerMapping] - Mapped "{[/error]}" onto public org.springframework.http.ResponseEntity<java.util.Map<java.lang.String, java.lang.Object>> org.springframework.boot.autoconfigure.web.BasicErrorController.error(javax.servlet.http.HttpServletRequest)
15:08:04.856 [INFO ] [main] [org.springframework.web.servlet.mvc.method.annotation.RequestMappingHandlerMapping] - Mapped "{[/error],produces=[text/html]}" onto public org.springframework.web.servlet.ModelAndView org.springframework.boot.autoconfigure.web.BasicErrorController.errorHtml(javax.servlet.http.HttpServletRequest,javax.servlet.http.HttpServletResponse)
15:08:04.937 [INFO ] [main] [org.springframework.web.servlet.handler.SimpleUrlHandlerMapping] - Mapped URL path [/templates/**] onto handler of type [class org.springframework.web.servlet.resource.ResourceHttpRequestHandler]
15:08:04.937 [INFO ] [main] [org.springframework.web.servlet.handler.SimpleUrlHandlerMapping] - Mapped URL path [/false**] onto handler of type [class org.springframework.web.servlet.resource.ResourceHttpRequestHandler]
15:08:04.937 [INFO ] [main] [org.springframework.web.servlet.handler.SimpleUrlHandlerMapping] - Mapped URL path [/webjars/**] onto handler of type [class org.springframework.web.servlet.resource.ResourceHttpRequestHandler]
15:08:04.937 [INFO ] [main] [org.springframework.web.servlet.handler.SimpleUrlHandlerMapping] - Mapped URL path [/**] onto handler of type [class org.springframework.web.servlet.resource.ResourceHttpRequestHandler]
15:08:05.013 [INFO ] [main] [org.springframework.web.servlet.handler.SimpleUrlHandlerMapping] - Mapped URL path [/**/favicon.ico] onto handler of type [class org.springframework.web.servlet.resource.ResourceHttpRequestHandler]
15:08:05.558 [INFO ] [main] [io.searchbox.client.AbstractJestClient] - Setting server pool to a list of 1 servers: [http://localhost:9200]
15:08:05.562 [INFO ] [main] [io.searchbox.client.JestClientFactory] - Using multi thread/connection supporting pooling connection manager
15:08:05.676 [INFO ] [main] [io.searchbox.client.JestClientFactory] - Using custom GSON instance
15:08:05.677 [INFO ] [main] [io.searchbox.client.JestClientFactory] - Node Discovery disabled...
15:08:05.677 [INFO ] [main] [io.searchbox.client.JestClientFactory] - Idle connection reaping disabled...
15:08:05.996 [INFO ] [main] [org.springframework.jmx.export.annotation.AnnotationMBeanExporter] - Registering beans for JMX exposure on startup
15:08:05.997 [INFO ] [main] [org.springframework.jmx.export.annotation.AnnotationMBeanExporter] - Bean with name 'dataSource' has been autodetected for JMX exposure
15:08:06.009 [INFO ] [main] [org.springframework.jmx.export.annotation.AnnotationMBeanExporter] - Located MBean 'dataSource': registering with JMX server as MBean [com.alibaba.druid.pool:name=dataSource,type=DruidDataSource]
15:08:06.033 [INFO ] [main] [org.eclipse.jetty.server.handler.ContextHandler.application] - Initializing Spring FrameworkServlet 'dispatcherServlet'
15:08:06.033 [INFO ] [main] [org.springframework.web.servlet.DispatcherServlet] - FrameworkServlet 'dispatcherServlet': initialization started
15:08:06.060 [INFO ] [main] [org.springframework.web.servlet.DispatcherServlet] - FrameworkServlet 'dispatcherServlet': initialization completed in 27 ms
15:08:06.440 [INFO ] [main] [org.eclipse.jetty.server.AbstractConnector] - Started ServerConnector@57abe94d{HTTP/1.1,[http/1.1]}{0.0.0.0:10280}
15:08:06.442 [INFO ] [main] [org.springframework.boot.context.embedded.jetty.JettyEmbeddedServletContainer] - Jetty started on port(s) 10280 (http/1.1)
15:08:06.447 [INFO ] [main] [com.yirong.iis.user.listener.UserInitServiceRunner] - ==============关联服务启动开始===============
15:08:08.708 [INFO ] [main] [io.searchbox.client.AbstractJestClient] - Setting server pool to a list of 1 servers: [http://s03.basin.ali:9200]
15:08:08.708 [INFO ] [main] [io.searchbox.client.JestClientFactory] - Using multi thread/connection supporting pooling connection manager
15:08:08.711 [INFO ] [main] [io.searchbox.client.JestClientFactory] - Using custom GSON instance
15:08:08.712 [INFO ] [main] [io.searchbox.client.JestClientFactory] - Node Discovery disabled...
15:08:08.713 [INFO ] [main] [io.searchbox.client.JestClientFactory] - Idle connection reaping disabled...
15:08:08.713 [INFO ] [main] [com.yirong.iis.user.listener.UserInitServiceRunner] - ==============关联服务启动结束===============
15:08:08.715 [INFO ] [main] [com.yirong.UserApplication] - Started UserApplication in 10.744 seconds (JVM running for 11.354)
15:08:34.704 [INFO ] [qtp1223572525-21] [com.yirong.commons.web.interceptor.LoginInterceptor] - [/error]非法请求被拦截
15:09:09.852 [INFO ] [qtp1223572525-27] [com.yirong.commons.web.interceptor.LoginInterceptor] - [/error]非法请求被拦截
15:09:20.371 [INFO ] [qtp1223572525-26] [com.yirong.commons.web.interceptor.LoginInterceptor] - [/error]非法请求被拦截
15:10:34.734 [INFO ] [main] [com.yirong.UserApplication] - Starting UserApplication on DESKTOP-1DIFKEJ with PID 9324 (E:\gwgj\com.yirong.iis.user\target\classes started by lijp in E:\gwgj\com.yirong.iis.user)
15:10:34.738 [INFO ] [main] [com.yirong.UserApplication] - No active profile set, falling back to default profiles: default
15:10:34.836 [INFO ] [main] [org.springframework.boot.context.embedded.AnnotationConfigEmbeddedWebApplicationContext] - Refreshing org.springframework.boot.context.embedded.AnnotationConfigEmbeddedWebApplicationContext@7354b8c5: startup date [Mon Nov 06 15:10:34 CST 2017]; root of context hierarchy
15:10:35.257 [INFO ] [background-preinit] [org.hibernate.validator.internal.util.Version] - HV000001: Hibernate Validator 5.3.5.Final
15:10:35.888 [INFO ] [main] [org.springframework.beans.factory.support.DefaultListableBeanFactory] - Overriding bean definition for bean 'dataSource' with a different definition: replacing [Root bean: class [null]; scope=; abstract=false; lazyInit=false; autowireMode=3; dependencyCheck=0; autowireCandidate=true; primary=false; factoryBeanName=coreApplication; factoryMethodName=dataSource; initMethodName=null; destroyMethodName=close; defined in class path resource [com/yirong/awaken/core/CoreApplication.class]] with [Root bean: class [null]; scope=; abstract=false; lazyInit=false; autowireMode=3; dependencyCheck=0; autowireCandidate=true; primary=false; factoryBeanName=userApplication; factoryMethodName=dataSource; initMethodName=null; destroyMethodName=close; defined in com.yirong.UserApplication]
15:10:35.894 [INFO ] [main] [org.springframework.beans.factory.support.DefaultListableBeanFactory] - Overriding bean definition for bean 'transactionInterceptor' with a different definition: replacing [Root bean: class [null]; scope=; abstract=false; lazyInit=false; autowireMode=3; dependencyCheck=0; autowireCandidate=true; primary=false; factoryBeanName=org.springframework.transaction.annotation.ProxyTransactionManagementConfiguration; factoryMethodName=transactionInterceptor; initMethodName=null; destroyMethodName=(inferred); defined in class path resource [org/springframework/transaction/annotation/ProxyTransactionManagementConfiguration.class]] with [Root bean: class [null]; scope=; abstract=false; lazyInit=false; autowireMode=3; dependencyCheck=0; autowireCandidate=true; primary=false; factoryBeanName=userApplication; factoryMethodName=transactionInterceptor; initMethodName=null; destroyMethodName=(inferred); defined in com.yirong.UserApplication]
15:10:36.505 [INFO ] [main] [org.springframework.context.support.PostProcessorRegistrationDelegate$BeanPostProcessorChecker] - Bean 'userApplication' of type [com.yirong.UserApplication$$EnhancerBySpringCGLIB$$a981a521] is not eligible for getting processed by all BeanPostProcessors (for example: not eligible for auto-proxying)
15:10:37.508 [INFO ] [main] [com.alibaba.druid.pool.DruidDataSource] - {dataSource-1} inited
15:10:37.624 [INFO ] [main] [org.springframework.orm.jpa.LocalContainerEntityManagerFactoryBean] - Building JPA container EntityManagerFactory for persistence unit 'default'
15:10:37.662 [INFO ] [main] [org.hibernate.jpa.internal.util.LogHelper] - HHH000204: Processing PersistenceUnitInfo [
	name: default
	...]
15:10:37.760 [INFO ] [main] [org.hibernate.Version] - HHH000412: Hibernate Core {5.0.12.Final}
15:10:37.762 [INFO ] [main] [org.hibernate.cfg.Environment] - HHH000206: hibernate.properties not found
15:10:37.764 [INFO ] [main] [org.hibernate.cfg.Environment] - HHH000021: Bytecode provider name : javassist
15:10:37.948 [INFO ] [main] [org.hibernate.annotations.common.Version] - HCANN000001: Hibernate Commons Annotations {5.0.1.Final}
15:10:38.114 [INFO ] [main] [org.hibernate.dialect.Dialect] - HHH000400: Using dialect: org.hibernate.dialect.MySQL5Dialect
15:10:38.453 [WARN ] [main] [org.hibernate.id.UUIDHexGenerator] - HHH000409: Using org.hibernate.id.UUIDHexGenerator which does not generate IETF RFC 4122 compliant UUID values; consider using org.hibernate.id.UUIDGenerator instead
15:10:38.613 [INFO ] [pool-3-thread-1] [com.yirong.commons.cache.util.LocalCacheJob] - ==============deleDataService定时任务开始运行==========
15:10:38.613 [INFO ] [pool-3-thread-1] [com.yirong.commons.cache.util.LocalCacheJob] - ==============deleDataService定时任务结束运行==========
15:10:38.833 [INFO ] [main] [org.springframework.orm.jpa.LocalContainerEntityManagerFactoryBean] - Initialized JPA EntityManagerFactory for persistence unit 'default'
15:10:39.064 [INFO ] [main] [org.eclipse.jetty.util.log] - Logging initialized @5524ms to org.eclipse.jetty.util.log.Slf4jLog
15:10:39.164 [INFO ] [main] [org.springframework.boot.context.embedded.jetty.JettyEmbeddedServletContainerFactory] - Server initialized with port: 10180
15:10:39.168 [INFO ] [main] [org.eclipse.jetty.server.Server] - jetty-9.4.4.v20170414
15:10:39.223 [INFO ] [main] [org.eclipse.jetty.server.session] - DefaultSessionIdManager workerName=node0
15:10:39.223 [INFO ] [main] [org.eclipse.jetty.server.session] - No SessionScavenger set, using defaults
15:10:39.227 [INFO ] [main] [org.eclipse.jetty.server.session] - Scavenging every 660000ms
15:10:39.233 [INFO ] [main] [org.eclipse.jetty.server.handler.ContextHandler.application] - Initializing Spring embedded WebApplicationContext
15:10:39.233 [INFO ] [main] [org.springframework.web.context.ContextLoader] - Root WebApplicationContext: initialization completed in 4397 ms
15:10:39.413 [INFO ] [main] [org.springframework.boot.web.servlet.ServletRegistrationBean] - Mapping servlet: 'dispatcherServlet' to [/]
15:10:39.416 [INFO ] [main] [org.springframework.boot.web.servlet.FilterRegistrationBean] - Mapping filter: 'characterEncodingFilter' to: [/*]
15:10:39.419 [INFO ] [main] [org.springframework.boot.web.servlet.FilterRegistrationBean] - Mapping filter: 'hiddenHttpMethodFilter' to: [/*]
15:10:39.425 [INFO ] [main] [org.springframework.boot.web.servlet.FilterRegistrationBean] - Mapping filter: 'httpPutFormContentFilter' to: [/*]
15:10:39.426 [INFO ] [main] [org.springframework.boot.web.servlet.FilterRegistrationBean] - Mapping filter: 'requestContextFilter' to: [/*]
15:10:39.427 [INFO ] [main] [org.eclipse.jetty.server.handler.ContextHandler] - Started o.s.b.c.e.j.JettyEmbeddedWebAppContext@6cbbfe29{/,[file:///C:/Users/lijp/AppData/Local/Temp/jetty-docbase.7325579735776276795.10180/],AVAILABLE}
15:10:39.427 [INFO ] [main] [org.eclipse.jetty.server.Server] - Started @5887ms
15:10:39.955 [INFO ] [main] [org.hibernate.hql.internal.QueryTranslatorFactoryInitiator] - HHH000397: Using ASTQueryTranslatorFactory
15:10:40.970 [INFO ] [main] [org.springframework.web.servlet.mvc.method.annotation.RequestMappingHandlerAdapter] - Looking for @ControllerAdvice: org.springframework.boot.context.embedded.AnnotationConfigEmbeddedWebApplicationContext@7354b8c5: startup date [Mon Nov 06 15:10:34 CST 2017]; root of context hierarchy
15:10:41.113 [INFO ] [main] [org.springframework.web.servlet.mvc.method.annotation.RequestMappingHandlerMapping] - Mapped "{[/sysDictionaryApi/update],methods=[POST]}" onto public java.lang.String com.yirong.commons.sys.api.SysDictionaryApi.update(java.lang.String)
15:10:41.114 [INFO ] [main] [org.springframework.web.servlet.mvc.method.annotation.RequestMappingHandlerMapping] - Mapped "{[/sysDictionaryApi/delete],methods=[POST]}" onto public java.lang.String com.yirong.commons.sys.api.SysDictionaryApi.delete(java.lang.String)
15:10:41.114 [INFO ] [main] [org.springframework.web.servlet.mvc.method.annotation.RequestMappingHandlerMapping] - Mapped "{[/sysDictionaryApi/save],methods=[POST]}" onto public java.lang.String com.yirong.commons.sys.api.SysDictionaryApi.save(java.lang.String)
15:10:41.114 [INFO ] [main] [org.springframework.web.servlet.mvc.method.annotation.RequestMappingHandlerMapping] - Mapped "{[/sysDictionaryApi/getTree],methods=[POST]}" onto public java.lang.String com.yirong.commons.sys.api.SysDictionaryApi.getTree(java.lang.String)
15:10:41.114 [INFO ] [main] [org.springframework.web.servlet.mvc.method.annotation.RequestMappingHandlerMapping] - Mapped "{[/sysDictionaryApi/getById],methods=[POST]}" onto public java.lang.String com.yirong.commons.sys.api.SysDictionaryApi.getById(java.lang.String)
15:10:41.120 [INFO ] [main] [org.springframework.web.servlet.mvc.method.annotation.RequestMappingHandlerMapping] - Mapped "{[/sysDictionaryApi/queryList],methods=[POST]}" onto public java.lang.String com.yirong.commons.sys.api.SysDictionaryApi.queryList(java.lang.String)
15:10:41.120 [INFO ] [main] [org.springframework.web.servlet.mvc.method.annotation.RequestMappingHandlerMapping] - Mapped "{[/sysDictionaryApi/getCodeName],methods=[POST]}" onto public java.lang.String com.yirong.commons.sys.api.SysDictionaryApi.getCodeName(java.lang.String)
15:10:41.120 [INFO ] [main] [org.springframework.web.servlet.mvc.method.annotation.RequestMappingHandlerMapping] - Mapped "{[/sysDictionaryApi/getCodeList],methods=[POST]}" onto public java.lang.String com.yirong.commons.sys.api.SysDictionaryApi.getCodeList(java.lang.String)
15:10:41.120 [INFO ] [main] [org.springframework.web.servlet.mvc.method.annotation.RequestMappingHandlerMapping] - Mapped "{[/sysDictionaryApi/getByCode],methods=[POST]}" onto public java.lang.String com.yirong.commons.sys.api.SysDictionaryApi.getByCode(java.lang.String)
15:10:41.125 [INFO ] [main] [org.springframework.web.servlet.mvc.method.annotation.RequestMappingHandlerMapping] - Mapped "{[/sysParameterApi/update],methods=[POST]}" onto public java.lang.String com.yirong.commons.sys.api.SysParameterApi.update(java.lang.String)
15:10:41.126 [INFO ] [main] [org.springframework.web.servlet.mvc.method.annotation.RequestMappingHandlerMapping] - Mapped "{[/sysParameterApi/delete],methods=[POST]}" onto public java.lang.String com.yirong.commons.sys.api.SysParameterApi.delete(java.lang.String)
15:10:41.126 [INFO ] [main] [org.springframework.web.servlet.mvc.method.annotation.RequestMappingHandlerMapping] - Mapped "{[/sysParameterApi/save],methods=[POST]}" onto public java.lang.String com.yirong.commons.sys.api.SysParameterApi.save(java.lang.String)
15:10:41.126 [INFO ] [main] [org.springframework.web.servlet.mvc.method.annotation.RequestMappingHandlerMapping] - Mapped "{[/sysParameterApi/getById],methods=[POST]}" onto public java.lang.String com.yirong.commons.sys.api.SysParameterApi.getById(java.lang.String)
15:10:41.126 [INFO ] [main] [org.springframework.web.servlet.mvc.method.annotation.RequestMappingHandlerMapping] - Mapped "{[/sysParameterApi/queryList],methods=[POST]}" onto public java.lang.String com.yirong.commons.sys.api.SysParameterApi.queryList(java.lang.String)
15:10:41.128 [INFO ] [main] [org.springframework.web.servlet.mvc.method.annotation.RequestMappingHandlerMapping] - Mapped "{[/health],methods=[GET]}" onto public java.util.Map<java.lang.String, java.lang.Object> com.yirong.microservices.client.health.HealthController.health()
15:10:41.131 [INFO ] [main] [org.springframework.web.servlet.mvc.method.annotation.RequestMappingHandlerMapping] - Mapped "{[/login.do],methods=[GET]}" onto public void com.yirong.commons.web.controller.BaseController.login(javax.servlet.http.HttpServletRequest,javax.servlet.http.HttpServletResponse)
15:10:41.132 [INFO ] [main] [org.springframework.web.servlet.mvc.method.annotation.RequestMappingHandlerMapping] - Mapped "{[/msService],methods=[POST]}" onto public java.lang.String com.yirong.commons.web.controller.BaseController.msService(java.lang.String,java.lang.String,java.lang.String,javax.servlet.http.HttpServletRequest,javax.servlet.http.HttpServletResponse)
15:10:41.132 [INFO ] [main] [org.springframework.web.servlet.mvc.method.annotation.RequestMappingHandlerMapping] - Mapped "{[/forward.do],methods=[GET]}" onto public java.lang.String com.yirong.commons.web.controller.BaseController.forward(java.lang.String,javax.servlet.http.HttpServletRequest,javax.servlet.http.HttpServletResponse)
15:10:41.132 [INFO ] [main] [org.springframework.web.servlet.mvc.method.annotation.RequestMappingHandlerMapping] - Mapped "{[/isCheck.do],methods=[POST]}" onto public java.lang.String com.yirong.commons.web.controller.BaseController.isCheck(javax.servlet.http.HttpServletRequest)
15:10:41.136 [INFO ] [main] [org.springframework.web.servlet.mvc.method.annotation.RequestMappingHandlerMapping] - Mapped "{[/baseRest/loginout],methods=[POST]}" onto public java.lang.String com.yirong.commons.web.controller.BaseRestController.loginout(javax.servlet.http.HttpServletRequest,javax.servlet.http.HttpServletResponse)
15:10:41.136 [INFO ] [main] [org.springframework.web.servlet.mvc.method.annotation.RequestMappingHandlerMapping] - Mapped "{[/baseRest/getSessionCount],methods=[POST]}" onto public java.lang.String com.yirong.commons.web.controller.BaseRestController.getSessionCount(javax.servlet.http.HttpServletRequest)
15:10:41.137 [INFO ] [main] [org.springframework.web.servlet.mvc.method.annotation.RequestMappingHandlerMapping] - Mapped "{[/baseRest/getMenu],methods=[POST]}" onto public java.lang.String com.yirong.commons.web.controller.BaseRestController.getMenu(javax.servlet.http.HttpServletRequest,java.lang.String,java.lang.String)
15:10:41.137 [INFO ] [main] [org.springframework.web.servlet.mvc.method.annotation.RequestMappingHandlerMapping] - Mapped "{[/baseRest/loginSubmit],methods=[POST]}" onto public java.lang.String com.yirong.commons.web.controller.BaseRestController.loginSubmit(javax.servlet.http.HttpServletRequest,javax.servlet.http.HttpServletResponse,java.lang.String)
15:10:41.138 [INFO ] [main] [org.springframework.web.servlet.mvc.method.annotation.RequestMappingHandlerMapping] - Mapped "{[/baseRest/getLoginUser],methods=[POST]}" onto public java.lang.String com.yirong.commons.web.controller.BaseRestController.getLoginUser(javax.servlet.http.HttpServletRequest)
15:10:41.147 [INFO ] [main] [org.springframework.web.servlet.mvc.method.annotation.RequestMappingHandlerMapping] - Mapped "{[/error]}" onto public org.springframework.http.ResponseEntity<java.util.Map<java.lang.String, java.lang.Object>> org.springframework.boot.autoconfigure.web.BasicErrorController.error(javax.servlet.http.HttpServletRequest)
15:10:41.147 [INFO ] [main] [org.springframework.web.servlet.mvc.method.annotation.RequestMappingHandlerMapping] - Mapped "{[/error],produces=[text/html]}" onto public org.springframework.web.servlet.ModelAndView org.springframework.boot.autoconfigure.web.BasicErrorController.errorHtml(javax.servlet.http.HttpServletRequest,javax.servlet.http.HttpServletResponse)
15:10:41.264 [INFO ] [main] [org.springframework.web.servlet.handler.SimpleUrlHandlerMapping] - Mapped URL path [/templates/**] onto handler of type [class org.springframework.web.servlet.resource.ResourceHttpRequestHandler]
15:10:41.264 [INFO ] [main] [org.springframework.web.servlet.handler.SimpleUrlHandlerMapping] - Mapped URL path [/false**] onto handler of type [class org.springframework.web.servlet.resource.ResourceHttpRequestHandler]
15:10:41.265 [INFO ] [main] [org.springframework.web.servlet.handler.SimpleUrlHandlerMapping] - Mapped URL path [/webjars/**] onto handler of type [class org.springframework.web.servlet.resource.ResourceHttpRequestHandler]
15:10:41.265 [INFO ] [main] [org.springframework.web.servlet.handler.SimpleUrlHandlerMapping] - Mapped URL path [/**] onto handler of type [class org.springframework.web.servlet.resource.ResourceHttpRequestHandler]
15:10:41.344 [INFO ] [main] [org.springframework.web.servlet.handler.SimpleUrlHandlerMapping] - Mapped URL path [/**/favicon.ico] onto handler of type [class org.springframework.web.servlet.resource.ResourceHttpRequestHandler]
15:10:41.953 [INFO ] [main] [io.searchbox.client.AbstractJestClient] - Setting server pool to a list of 1 servers: [http://localhost:9200]
15:10:41.956 [INFO ] [main] [io.searchbox.client.JestClientFactory] - Using multi thread/connection supporting pooling connection manager
15:10:42.064 [INFO ] [main] [io.searchbox.client.JestClientFactory] - Using custom GSON instance
15:10:42.064 [INFO ] [main] [io.searchbox.client.JestClientFactory] - Node Discovery disabled...
15:10:42.064 [INFO ] [main] [io.searchbox.client.JestClientFactory] - Idle connection reaping disabled...
15:10:42.425 [INFO ] [main] [org.springframework.jmx.export.annotation.AnnotationMBeanExporter] - Registering beans for JMX exposure on startup
15:10:42.428 [INFO ] [main] [org.springframework.jmx.export.annotation.AnnotationMBeanExporter] - Bean with name 'dataSource' has been autodetected for JMX exposure
15:10:42.434 [INFO ] [main] [org.springframework.jmx.export.annotation.AnnotationMBeanExporter] - Located MBean 'dataSource': registering with JMX server as MBean [com.alibaba.druid.pool:name=dataSource,type=DruidDataSource]
15:10:42.452 [INFO ] [main] [org.eclipse.jetty.server.handler.ContextHandler.application] - Initializing Spring FrameworkServlet 'dispatcherServlet'
15:10:42.452 [INFO ] [main] [org.springframework.web.servlet.DispatcherServlet] - FrameworkServlet 'dispatcherServlet': initialization started
15:10:42.497 [INFO ] [main] [org.springframework.web.servlet.DispatcherServlet] - FrameworkServlet 'dispatcherServlet': initialization completed in 45 ms
15:10:42.759 [INFO ] [main] [org.eclipse.jetty.server.AbstractConnector] - Started ServerConnector@71817f66{HTTP/1.1,[http/1.1]}{0.0.0.0:10180}
15:10:42.759 [INFO ] [main] [org.springframework.boot.context.embedded.jetty.JettyEmbeddedServletContainer] - Jetty started on port(s) 10180 (http/1.1)
15:10:42.763 [INFO ] [main] [com.yirong.iis.user.listener.UserInitServiceRunner] - ==============关联服务启动开始===============
15:10:45.028 [INFO ] [main] [io.searchbox.client.AbstractJestClient] - Setting server pool to a list of 1 servers: [http://s03.basin.ali:9200]
15:10:45.028 [INFO ] [main] [io.searchbox.client.JestClientFactory] - Using multi thread/connection supporting pooling connection manager
15:10:45.036 [INFO ] [main] [io.searchbox.client.JestClientFactory] - Using custom GSON instance
15:10:45.037 [INFO ] [main] [io.searchbox.client.JestClientFactory] - Node Discovery disabled...
15:10:45.037 [INFO ] [main] [io.searchbox.client.JestClientFactory] - Idle connection reaping disabled...
15:10:45.037 [INFO ] [main] [com.yirong.iis.user.listener.UserInitServiceRunner] - ==============关联服务启动结束===============
15:10:45.039 [INFO ] [main] [com.yirong.UserApplication] - Started UserApplication in 10.842 seconds (JVM running for 11.5)
15:12:38.613 [INFO ] [pool-3-thread-1] [com.yirong.commons.cache.util.LocalCacheJob] - ==============deleDataService定时任务开始运行==========
15:12:38.614 [INFO ] [pool-3-thread-1] [com.yirong.commons.cache.util.LocalCacheJob] - ==============deleDataService定时任务结束运行==========
15:13:14.928 [INFO ] [pool-3-thread-1] [com.yirong.commons.cache.util.LocalCacheJob] - ==============deleDataService定时任务开始运行==========
15:13:14.928 [INFO ] [pool-3-thread-1] [com.yirong.commons.cache.util.LocalCacheJob] - ==============deleDataService定时任务结束运行==========
15:14:38.613 [INFO ] [pool-3-thread-1] [com.yirong.commons.cache.util.LocalCacheJob] - ==============deleDataService定时任务开始运行==========
15:14:38.614 [INFO ] [pool-3-thread-1] [com.yirong.commons.cache.util.LocalCacheJob] - ==============deleDataService定时任务结束运行==========
15:15:14.926 [INFO ] [pool-3-thread-1] [com.yirong.commons.cache.util.LocalCacheJob] - ==============deleDataService定时任务开始运行==========
15:15:14.927 [INFO ] [pool-3-thread-1] [com.yirong.commons.cache.util.LocalCacheJob] - ==============deleDataService定时任务结束运行==========
15:16:38.613 [INFO ] [pool-3-thread-1] [com.yirong.commons.cache.util.LocalCacheJob] - ==============deleDataService定时任务开始运行==========
15:16:38.614 [INFO ] [pool-3-thread-1] [com.yirong.commons.cache.util.LocalCacheJob] - ==============deleDataService定时任务结束运行==========
15:17:14.927 [INFO ] [pool-3-thread-1] [com.yirong.commons.cache.util.LocalCacheJob] - ==============deleDataService定时任务开始运行==========
15:17:14.928 [INFO ] [pool-3-thread-1] [com.yirong.commons.cache.util.LocalCacheJob] - ==============deleDataService定时任务结束运行==========
15:18:38.613 [INFO ] [pool-3-thread-1] [com.yirong.commons.cache.util.LocalCacheJob] - ==============deleDataService定时任务开始运行==========
15:18:38.613 [INFO ] [pool-3-thread-1] [com.yirong.commons.cache.util.LocalCacheJob] - ==============deleDataService定时任务结束运行==========
15:19:14.927 [INFO ] [pool-3-thread-1] [com.yirong.commons.cache.util.LocalCacheJob] - ==============deleDataService定时任务开始运行==========
15:19:14.929 [INFO ] [pool-3-thread-1] [com.yirong.commons.cache.util.LocalCacheJob] - ==============deleDataService定时任务结束运行==========
15:20:38.613 [INFO ] [pool-3-thread-1] [com.yirong.commons.cache.util.LocalCacheJob] - ==============deleDataService定时任务开始运行==========
15:20:38.613 [INFO ] [pool-3-thread-1] [com.yirong.commons.cache.util.LocalCacheJob] - ==============deleDataService定时任务结束运行==========
15:21:14.926 [INFO ] [pool-3-thread-1] [com.yirong.commons.cache.util.LocalCacheJob] - ==============deleDataService定时任务开始运行==========
15:21:14.926 [INFO ] [pool-3-thread-1] [com.yirong.commons.cache.util.LocalCacheJob] - ==============deleDataService定时任务结束运行==========
15:22:38.613 [INFO ] [pool-3-thread-1] [com.yirong.commons.cache.util.LocalCacheJob] - ==============deleDataService定时任务开始运行==========
15:22:38.614 [INFO ] [pool-3-thread-1] [com.yirong.commons.cache.util.LocalCacheJob] - ==============deleDataService定时任务结束运行==========
15:23:14.927 [INFO ] [pool-3-thread-1] [com.yirong.commons.cache.util.LocalCacheJob] - ==============deleDataService定时任务开始运行==========
15:23:14.927 [INFO ] [pool-3-thread-1] [com.yirong.commons.cache.util.LocalCacheJob] - ==============deleDataService定时任务结束运行==========
15:24:38.613 [INFO ] [pool-3-thread-1] [com.yirong.commons.cache.util.LocalCacheJob] - ==============deleDataService定时任务开始运行==========
15:24:38.614 [INFO ] [pool-3-thread-1] [com.yirong.commons.cache.util.LocalCacheJob] - ==============deleDataService定时任务结束运行==========
15:25:14.927 [INFO ] [pool-3-thread-1] [com.yirong.commons.cache.util.LocalCacheJob] - ==============deleDataService定时任务开始运行==========
15:25:14.927 [INFO ] [pool-3-thread-1] [com.yirong.commons.cache.util.LocalCacheJob] - ==============deleDataService定时任务结束运行==========
