19:28:38.705 [INFO ] [main] [com.yirong.MiningAnalysisApplication] - Starting MiningAnalysisApplication on DESKTOP-1DIFKEJ with PID 20532 (E:\awaken\code\com.yirong.awaken.ma\target\classes started by lijp in E:\awaken\code\com.yirong.awaken.ma)
19:28:38.718 [INFO ] [main] [com.yirong.MiningAnalysisApplication] - No active profile set, falling back to default profiles: default
19:28:38.758 [INFO ] [main] [org.springframework.boot.context.embedded.AnnotationConfigEmbeddedWebApplicationContext] - Refreshing org.springframework.boot.context.embedded.AnnotationConfigEmbeddedWebApplicationContext@4c9f8c13: startup date [Wed Aug 23 19:28:38 CST 2017]; root of context hierarchy
19:28:39.146 [INFO ] [background-preinit] [org.hibernate.validator.internal.util.Version] - HV000001: Hibernate Validator 5.3.5.Final
19:28:40.821 [INFO ] [main] [org.springframework.beans.factory.support.DefaultListableBeanFactory] - Overriding bean definition for bean 'dataSource' with a different definition: replacing [Root bean: class [null]; scope=; abstract=false; lazyInit=false; autowireMode=3; dependencyCheck=0; autowireCandidate=true; primary=false; factoryBeanName=coreApplication; factoryMethodName=dataSource; initMethodName=null; destroyMethodName=close; defined in class path resource [com/yirong/awaken/core/CoreApplication.class]] with [Root bean: class [null]; scope=; abstract=false; lazyInit=false; autowireMode=3; dependencyCheck=0; autowireCandidate=true; primary=false; factoryBeanName=miningAnalysisApplication; factoryMethodName=dataSource; initMethodName=null; destroyMethodName=close; defined in com.yirong.MiningAnalysisApplication]
19:28:41.898 [INFO ] [main] [org.eclipse.jetty.util.log] - Logging initialized @3995ms to org.eclipse.jetty.util.log.Slf4jLog
19:28:41.993 [INFO ] [main] [org.springframework.boot.context.embedded.jetty.JettyEmbeddedServletContainerFactory] - Server initialized with port: 8700
19:28:41.995 [INFO ] [main] [org.eclipse.jetty.server.Server] - jetty-9.4.4.v20170414
19:28:42.035 [INFO ] [main] [org.eclipse.jetty.server.session] - DefaultSessionIdManager workerName=node0
19:28:42.035 [INFO ] [main] [org.eclipse.jetty.server.session] - No SessionScavenger set, using defaults
19:28:42.037 [INFO ] [main] [org.eclipse.jetty.server.session] - Scavenging every 660000ms
19:28:42.045 [INFO ] [main] [org.eclipse.jetty.server.handler.ContextHandler.application] - Initializing Spring embedded WebApplicationContext
19:28:42.045 [INFO ] [main] [org.springframework.web.context.ContextLoader] - Root WebApplicationContext: initialization completed in 3287 ms
19:28:42.219 [INFO ] [main] [org.springframework.boot.web.servlet.ServletRegistrationBean] - Mapping servlet: 'dispatcherServlet' to [/]
19:28:42.230 [INFO ] [main] [org.springframework.boot.web.servlet.FilterRegistrationBean] - Mapping filter: 'characterEncodingFilter' to: [/*]
19:28:42.234 [INFO ] [main] [org.springframework.boot.web.servlet.FilterRegistrationBean] - Mapping filter: 'hiddenHttpMethodFilter' to: [/*]
19:28:42.235 [INFO ] [main] [org.springframework.boot.web.servlet.FilterRegistrationBean] - Mapping filter: 'httpPutFormContentFilter' to: [/*]
19:28:42.235 [INFO ] [main] [org.springframework.boot.web.servlet.FilterRegistrationBean] - Mapping filter: 'requestContextFilter' to: [/*]
19:28:42.236 [INFO ] [main] [org.eclipse.jetty.server.handler.ContextHandler] - Started o.s.b.c.e.j.JettyEmbeddedWebAppContext@1c459c28{/ma,[file:///E:/awaken/code/com.yirong.awaken.ma/src/main/webapp/],AVAILABLE}
19:28:42.236 [INFO ] [main] [org.eclipse.jetty.server.Server] - Started @4333ms
19:28:43.717 [INFO ] [main] [com.alibaba.druid.pool.DruidDataSource] - {dataSource-1} inited
19:28:43.843 [INFO ] [main] [org.springframework.orm.jpa.LocalContainerEntityManagerFactoryBean] - Building JPA container EntityManagerFactory for persistence unit 'default'
19:28:43.858 [INFO ] [main] [org.hibernate.jpa.internal.util.LogHelper] - HHH000204: Processing PersistenceUnitInfo [
	name: default
	...]
19:28:43.919 [INFO ] [main] [org.hibernate.Version] - HHH000412: Hibernate Core {5.0.12.Final}
19:28:43.920 [INFO ] [main] [org.hibernate.cfg.Environment] - HHH000206: hibernate.properties not found
19:28:43.922 [INFO ] [main] [org.hibernate.cfg.Environment] - HHH000021: Bytecode provider name : javassist
19:28:43.960 [INFO ] [main] [org.hibernate.annotations.common.Version] - HCANN000001: Hibernate Commons Annotations {5.0.1.Final}
19:28:44.065 [INFO ] [main] [org.hibernate.dialect.Dialect] - HHH000400: Using dialect: org.hibernate.dialect.MySQL5Dialect
19:28:44.336 [WARN ] [main] [org.hibernate.id.UUIDHexGenerator] - HHH000409: Using org.hibernate.id.UUIDHexGenerator which does not generate IETF RFC 4122 compliant UUID values; consider using org.hibernate.id.UUIDGenerator instead
19:28:44.722 [INFO ] [main] [org.springframework.orm.jpa.LocalContainerEntityManagerFactoryBean] - Initialized JPA EntityManagerFactory for persistence unit 'default'
19:28:46.668 [INFO ] [main] [org.hibernate.hql.internal.QueryTranslatorFactoryInitiator] - HHH000397: Using ASTQueryTranslatorFactory
19:28:47.109 [INFO ] [main] [org.springframework.web.servlet.mvc.method.annotation.RequestMappingHandlerAdapter] - Looking for @ControllerAdvice: org.springframework.boot.context.embedded.AnnotationConfigEmbeddedWebApplicationContext@4c9f8c13: startup date [Wed Aug 23 19:28:38 CST 2017]; root of context hierarchy
19:28:47.189 [INFO ] [main] [org.springframework.web.servlet.mvc.method.annotation.RequestMappingHandlerMapping] - Mapped "{[/MaAlgorithmApi/tree],methods=[POST]}" onto public java.lang.String com.yirong.awaken.ma.api.MaAlgorithmApi.tree()
19:28:47.192 [INFO ] [main] [org.springframework.web.servlet.mvc.method.annotation.RequestMappingHandlerMapping] - Mapped "{[/MaDatabaseApi/get],methods=[POST]}" onto public java.lang.String com.yirong.awaken.ma.api.MaDatabaseApi.get(java.lang.String)
19:28:47.192 [INFO ] [main] [org.springframework.web.servlet.mvc.method.annotation.RequestMappingHandlerMapping] - Mapped "{[/MaDatabaseApi/update],methods=[POST]}" onto public java.lang.String com.yirong.awaken.ma.api.MaDatabaseApi.update(java.lang.String)
19:28:47.193 [INFO ] [main] [org.springframework.web.servlet.mvc.method.annotation.RequestMappingHandlerMapping] - Mapped "{[/MaDatabaseApi/delete],methods=[POST]}" onto public java.lang.String com.yirong.awaken.ma.api.MaDatabaseApi.delete(java.lang.String)
19:28:47.193 [INFO ] [main] [org.springframework.web.servlet.mvc.method.annotation.RequestMappingHandlerMapping] - Mapped "{[/MaDatabaseApi/list],methods=[POST]}" onto public java.lang.String com.yirong.awaken.ma.api.MaDatabaseApi.list(java.lang.String)
19:28:47.193 [INFO ] [main] [org.springframework.web.servlet.mvc.method.annotation.RequestMappingHandlerMapping] - Mapped "{[/MaDatabaseApi/save],methods=[POST]}" onto public java.lang.String com.yirong.awaken.ma.api.MaDatabaseApi.save(java.lang.String)
19:28:47.193 [INFO ] [main] [org.springframework.web.servlet.mvc.method.annotation.RequestMappingHandlerMapping] - Mapped "{[/MaDatabaseApi/tree],methods=[POST]}" onto public java.lang.String com.yirong.awaken.ma.api.MaDatabaseApi.tree()
19:28:47.193 [INFO ] [main] [org.springframework.web.servlet.mvc.method.annotation.RequestMappingHandlerMapping] - Mapped "{[/MaDatabaseApi/getByFlowId],methods=[POST]}" onto public java.lang.String com.yirong.awaken.ma.api.MaDatabaseApi.getByFlowId(java.lang.String)
19:28:47.194 [INFO ] [main] [org.springframework.web.servlet.mvc.method.annotation.RequestMappingHandlerMapping] - Mapped "{[/MaElementApi/get],methods=[POST]}" onto public java.lang.String com.yirong.awaken.ma.api.MaElementApi.get(java.lang.String)
19:28:47.194 [INFO ] [main] [org.springframework.web.servlet.mvc.method.annotation.RequestMappingHandlerMapping] - Mapped "{[/MaElementApi/update],methods=[POST]}" onto public java.lang.String com.yirong.awaken.ma.api.MaElementApi.update(java.lang.String)
19:28:47.195 [INFO ] [main] [org.springframework.web.servlet.mvc.method.annotation.RequestMappingHandlerMapping] - Mapped "{[/MaElementApi/list],methods=[POST]}" onto public java.lang.String com.yirong.awaken.ma.api.MaElementApi.list(java.lang.String)
19:28:47.195 [INFO ] [main] [org.springframework.web.servlet.mvc.method.annotation.RequestMappingHandlerMapping] - Mapped "{[/MaElementApi/getByObjectId],methods=[POST]}" onto public java.lang.String com.yirong.awaken.ma.api.MaElementApi.getByObjectId(java.lang.String)
19:28:47.196 [INFO ] [main] [org.springframework.web.servlet.mvc.method.annotation.RequestMappingHandlerMapping] - Mapped "{[/MaFieldApi/getField],methods=[POST]}" onto public java.lang.String com.yirong.awaken.ma.api.MaFieldApi.getField(java.lang.String)
19:28:47.196 [INFO ] [main] [org.springframework.web.servlet.mvc.method.annotation.RequestMappingHandlerMapping] - Mapped "{[/MaFieldApi/list],methods=[POST]}" onto public java.lang.String com.yirong.awaken.ma.api.MaFieldApi.list(java.lang.String)
19:28:47.196 [INFO ] [main] [org.springframework.web.servlet.mvc.method.annotation.RequestMappingHandlerMapping] - Mapped "{[/MaFieldApi/getFieldView],methods=[POST]}" onto public java.lang.String com.yirong.awaken.ma.api.MaFieldApi.getFieldForView(java.lang.String)
19:28:47.203 [INFO ] [main] [org.springframework.web.servlet.mvc.method.annotation.RequestMappingHandlerMapping] - Mapped "{[/MaFlowApi/get],methods=[POST]}" onto public java.lang.String com.yirong.awaken.ma.api.MaFlowApi.get(java.lang.String)
19:28:47.203 [INFO ] [main] [org.springframework.web.servlet.mvc.method.annotation.RequestMappingHandlerMapping] - Mapped "{[/MaFlowApi/update],methods=[POST]}" onto public java.lang.String com.yirong.awaken.ma.api.MaFlowApi.update(java.lang.String)
19:28:47.203 [INFO ] [main] [org.springframework.web.servlet.mvc.method.annotation.RequestMappingHandlerMapping] - Mapped "{[/MaFlowApi/delete],methods=[POST]}" onto public java.lang.String com.yirong.awaken.ma.api.MaFlowApi.delete(java.lang.String)
19:28:47.204 [INFO ] [main] [org.springframework.web.servlet.mvc.method.annotation.RequestMappingHandlerMapping] - Mapped "{[/MaFlowApi/list],methods=[POST]}" onto public java.lang.String com.yirong.awaken.ma.api.MaFlowApi.list(java.lang.String)
19:28:47.204 [INFO ] [main] [org.springframework.web.servlet.mvc.method.annotation.RequestMappingHandlerMapping] - Mapped "{[/MaFlowApi/save],methods=[POST]}" onto public java.lang.String com.yirong.awaken.ma.api.MaFlowApi.save(java.lang.String)
19:28:47.204 [INFO ] [main] [org.springframework.web.servlet.mvc.method.annotation.RequestMappingHandlerMapping] - Mapped "{[/MaFlowApi/tree],methods=[POST]}" onto public java.lang.String com.yirong.awaken.ma.api.MaFlowApi.tree(java.lang.String)
19:28:47.204 [INFO ] [main] [org.springframework.web.servlet.mvc.method.annotation.RequestMappingHandlerMapping] - Mapped "{[/MaFlowApi/getReleaseFlow],methods=[POST]}" onto public java.lang.String com.yirong.awaken.ma.api.MaFlowApi.getReleaseFlow()
19:28:47.204 [INFO ] [main] [org.springframework.web.servlet.mvc.method.annotation.RequestMappingHandlerMapping] - Mapped "{[/MaFlowApi/run],methods=[POST]}" onto public java.lang.String com.yirong.awaken.ma.api.MaFlowApi.runFlow(java.lang.String)
19:28:47.205 [INFO ] [main] [org.springframework.web.servlet.mvc.method.annotation.RequestMappingHandlerMapping] - Mapped "{[/MaReleaseApi/list],methods=[POST]}" onto public java.lang.String com.yirong.awaken.ma.api.MaReleaseApi.list(java.lang.String)
19:28:47.205 [INFO ] [main] [org.springframework.web.servlet.mvc.method.annotation.RequestMappingHandlerMapping] - Mapped "{[/MaReleaseApi/release],methods=[POST]}" onto public java.lang.String com.yirong.awaken.ma.api.MaReleaseApi.release(java.lang.String)
19:28:47.205 [INFO ] [main] [org.springframework.web.servlet.mvc.method.annotation.RequestMappingHandlerMapping] - Mapped "{[/MaRuleApi/tree],methods=[POST]}" onto public java.lang.String com.yirong.awaken.ma.api.MaRuleApi.tree()
19:28:47.206 [INFO ] [main] [org.springframework.web.servlet.mvc.method.annotation.RequestMappingHandlerMapping] - Mapped "{[/health],methods=[GET]}" onto public java.util.Map<java.lang.String, java.lang.Object> com.yirong.microservices.client.health.HealthController.health()
19:28:47.208 [INFO ] [main] [org.springframework.web.servlet.mvc.method.annotation.RequestMappingHandlerMapping] - Mapped "{[/sysDictionaryApi/update],methods=[POST]}" onto public java.lang.String com.yirong.commons.sys.api.SysDictionaryApi.update(java.lang.String)
19:28:47.208 [INFO ] [main] [org.springframework.web.servlet.mvc.method.annotation.RequestMappingHandlerMapping] - Mapped "{[/sysDictionaryApi/delete],methods=[POST]}" onto public java.lang.String com.yirong.commons.sys.api.SysDictionaryApi.delete(java.lang.String)
19:28:47.208 [INFO ] [main] [org.springframework.web.servlet.mvc.method.annotation.RequestMappingHandlerMapping] - Mapped "{[/sysDictionaryApi/create],methods=[POST]}" onto public java.lang.String com.yirong.commons.sys.api.SysDictionaryApi.create(java.lang.String)
19:28:47.208 [INFO ] [main] [org.springframework.web.servlet.mvc.method.annotation.RequestMappingHandlerMapping] - Mapped "{[/sysDictionaryApi/list],methods=[POST]}" onto public java.lang.String com.yirong.commons.sys.api.SysDictionaryApi.list(java.lang.String)
19:28:47.208 [INFO ] [main] [org.springframework.web.servlet.mvc.method.annotation.RequestMappingHandlerMapping] - Mapped "{[/sysDictionaryApi/tree],methods=[POST]}" onto public java.lang.String com.yirong.commons.sys.api.SysDictionaryApi.tree()
19:28:47.209 [INFO ] [main] [org.springframework.web.servlet.mvc.method.annotation.RequestMappingHandlerMapping] - Mapped "{[/sysDictionaryApi/getById],methods=[POST]}" onto public java.lang.String com.yirong.commons.sys.api.SysDictionaryApi.getById(java.lang.String)
19:28:47.209 [INFO ] [main] [org.springframework.web.servlet.mvc.method.annotation.RequestMappingHandlerMapping] - Mapped "{[/sysDictionaryApi/getByCode],methods=[POST]}" onto public java.lang.String com.yirong.commons.sys.api.SysDictionaryApi.getByCode(java.lang.String)
19:28:47.210 [INFO ] [main] [org.springframework.web.servlet.mvc.method.annotation.RequestMappingHandlerMapping] - Mapped "{[/sysLocalCacheApi/getCodeList],methods=[POST]}" onto public java.lang.String com.yirong.commons.sys.api.SysLocalCacheApi.getCodeList(java.lang.String)
19:28:47.211 [INFO ] [main] [org.springframework.web.servlet.mvc.method.annotation.RequestMappingHandlerMapping] - Mapped "{[/sysLocalCacheApi/getCodeName],methods=[POST]}" onto public java.lang.String com.yirong.commons.sys.api.SysLocalCacheApi.getCodeName(java.lang.String)
19:28:47.213 [INFO ] [main] [org.springframework.web.servlet.mvc.method.annotation.RequestMappingHandlerMapping] - Mapped "{[/error]}" onto public org.springframework.http.ResponseEntity<java.util.Map<java.lang.String, java.lang.Object>> org.springframework.boot.autoconfigure.web.BasicErrorController.error(javax.servlet.http.HttpServletRequest)
19:28:47.214 [INFO ] [main] [org.springframework.web.servlet.mvc.method.annotation.RequestMappingHandlerMapping] - Mapped "{[/error],produces=[text/html]}" onto public org.springframework.web.servlet.ModelAndView org.springframework.boot.autoconfigure.web.BasicErrorController.errorHtml(javax.servlet.http.HttpServletRequest,javax.servlet.http.HttpServletResponse)
19:28:47.257 [INFO ] [main] [org.springframework.web.servlet.handler.SimpleUrlHandlerMapping] - Mapped URL path [/webjars/**] onto handler of type [class org.springframework.web.servlet.resource.ResourceHttpRequestHandler]
19:28:47.258 [INFO ] [main] [org.springframework.web.servlet.handler.SimpleUrlHandlerMapping] - Mapped URL path [/**] onto handler of type [class org.springframework.web.servlet.resource.ResourceHttpRequestHandler]
19:28:47.309 [INFO ] [main] [org.springframework.web.servlet.handler.SimpleUrlHandlerMapping] - Mapped URL path [/**/favicon.ico] onto handler of type [class org.springframework.web.servlet.resource.ResourceHttpRequestHandler]
19:28:47.624 [INFO ] [main] [org.springframework.jmx.export.annotation.AnnotationMBeanExporter] - Registering beans for JMX exposure on startup
19:28:47.625 [INFO ] [main] [org.springframework.jmx.export.annotation.AnnotationMBeanExporter] - Bean with name 'dataSource' has been autodetected for JMX exposure
19:28:47.636 [INFO ] [main] [org.springframework.jmx.export.annotation.AnnotationMBeanExporter] - Located MBean 'dataSource': registering with JMX server as MBean [com.alibaba.druid.pool:name=dataSource,type=DruidDataSource]
19:28:47.644 [INFO ] [main] [org.springframework.scheduling.annotation.ScheduledAnnotationBeanPostProcessor] - No TaskScheduler/ScheduledExecutorService bean found for scheduled processing
19:28:47.657 [INFO ] [main] [org.eclipse.jetty.server.handler.ContextHandler.application] - Initializing Spring FrameworkServlet 'dispatcherServlet'
19:28:47.657 [INFO ] [main] [org.springframework.web.servlet.DispatcherServlet] - FrameworkServlet 'dispatcherServlet': initialization started
19:28:47.673 [INFO ] [main] [org.springframework.web.servlet.DispatcherServlet] - FrameworkServlet 'dispatcherServlet': initialization completed in 16 ms
19:28:47.945 [INFO ] [main] [org.eclipse.jetty.server.AbstractConnector] - Started ServerConnector@3d9dc84d{HTTP/1.1,[http/1.1]}{0.0.0.0:8700}
19:28:47.946 [INFO ] [main] [org.springframework.boot.context.embedded.jetty.JettyEmbeddedServletContainer] - Jetty started on port(s) 8700 (http/1.1)
19:28:47.954 [INFO ] [main] [com.yirong.awaken.ma.listener.InitServiceRunner] - 服务启动执行,执行初始化微服务等操作 .
19:28:53.112 [INFO ] [main] [com.yirong.awaken.ma.listener.InitServiceRunner] - 执行初始化微服务等操作操作结束 .
19:28:53.113 [INFO ] [main] [com.yirong.awaken.ma.listener.InitServiceRunner] - 服务启动执行,初始化errorinfo.properties操作 .
19:28:53.116 [INFO ] [main] [com.yirong.awaken.ma.listener.InitServiceRunner] - 服务启动执行,初始化errorinfo.properties操作 .
19:28:53.119 [INFO ] [main] [com.yirong.MiningAnalysisApplication] - Started MiningAnalysisApplication in 14.722 seconds (JVM running for 15.216)
19:30:23.772 [INFO ] [main] [com.yirong.MiningAnalysisApplication] - Starting MiningAnalysisApplication on DESKTOP-1DIFKEJ with PID 10224 (E:\awaken\code\com.yirong.awaken.ma\target\classes started by lijp in E:\awaken\code\com.yirong.awaken.ma)
19:30:23.776 [INFO ] [main] [com.yirong.MiningAnalysisApplication] - No active profile set, falling back to default profiles: default
19:30:23.838 [INFO ] [main] [org.springframework.boot.context.embedded.AnnotationConfigEmbeddedWebApplicationContext] - Refreshing org.springframework.boot.context.embedded.AnnotationConfigEmbeddedWebApplicationContext@1b266842: startup date [Wed Aug 23 19:30:23 CST 2017]; root of context hierarchy
19:30:24.307 [INFO ] [background-preinit] [org.hibernate.validator.internal.util.Version] - HV000001: Hibernate Validator 5.3.5.Final
19:30:26.198 [INFO ] [main] [org.springframework.beans.factory.support.DefaultListableBeanFactory] - Overriding bean definition for bean 'dataSource' with a different definition: replacing [Root bean: class [null]; scope=; abstract=false; lazyInit=false; autowireMode=3; dependencyCheck=0; autowireCandidate=true; primary=false; factoryBeanName=coreApplication; factoryMethodName=dataSource; initMethodName=null; destroyMethodName=close; defined in class path resource [com/yirong/awaken/core/CoreApplication.class]] with [Root bean: class [null]; scope=; abstract=false; lazyInit=false; autowireMode=3; dependencyCheck=0; autowireCandidate=true; primary=false; factoryBeanName=miningAnalysisApplication; factoryMethodName=dataSource; initMethodName=null; destroyMethodName=close; defined in com.yirong.MiningAnalysisApplication]
19:30:27.454 [INFO ] [main] [org.eclipse.jetty.util.log] - Logging initialized @4836ms to org.eclipse.jetty.util.log.Slf4jLog
19:30:27.576 [INFO ] [main] [org.springframework.boot.context.embedded.jetty.JettyEmbeddedServletContainerFactory] - Server initialized with port: 8700
19:30:27.581 [INFO ] [main] [org.eclipse.jetty.server.Server] - jetty-9.4.4.v20170414
19:30:27.641 [INFO ] [main] [org.eclipse.jetty.server.session] - DefaultSessionIdManager workerName=node0
19:30:27.641 [INFO ] [main] [org.eclipse.jetty.server.session] - No SessionScavenger set, using defaults
19:30:27.644 [INFO ] [main] [org.eclipse.jetty.server.session] - Scavenging every 660000ms
19:30:27.654 [INFO ] [main] [org.eclipse.jetty.server.handler.ContextHandler.application] - Initializing Spring embedded WebApplicationContext
19:30:27.655 [INFO ] [main] [org.springframework.web.context.ContextLoader] - Root WebApplicationContext: initialization completed in 3817 ms
19:30:27.833 [INFO ] [main] [org.springframework.boot.web.servlet.ServletRegistrationBean] - Mapping servlet: 'dispatcherServlet' to [/]
19:30:27.837 [INFO ] [main] [org.springframework.boot.web.servlet.FilterRegistrationBean] - Mapping filter: 'characterEncodingFilter' to: [/*]
19:30:27.839 [INFO ] [main] [org.springframework.boot.web.servlet.FilterRegistrationBean] - Mapping filter: 'hiddenHttpMethodFilter' to: [/*]
19:30:27.839 [INFO ] [main] [org.springframework.boot.web.servlet.FilterRegistrationBean] - Mapping filter: 'httpPutFormContentFilter' to: [/*]
19:30:27.839 [INFO ] [main] [org.springframework.boot.web.servlet.FilterRegistrationBean] - Mapping filter: 'requestContextFilter' to: [/*]
19:30:27.840 [INFO ] [main] [org.eclipse.jetty.server.handler.ContextHandler] - Started o.s.b.c.e.j.JettyEmbeddedWebAppContext@1d38cdde{/ma,[file:///E:/awaken/code/com.yirong.awaken.ma/src/main/webapp/],AVAILABLE}
19:30:27.840 [INFO ] [main] [org.eclipse.jetty.server.Server] - Started @5222ms
19:30:29.142 [INFO ] [main] [com.alibaba.druid.pool.DruidDataSource] - {dataSource-1} inited
19:30:29.271 [INFO ] [main] [org.springframework.orm.jpa.LocalContainerEntityManagerFactoryBean] - Building JPA container EntityManagerFactory for persistence unit 'default'
19:30:29.288 [INFO ] [main] [org.hibernate.jpa.internal.util.LogHelper] - HHH000204: Processing PersistenceUnitInfo [
	name: default
	...]
19:30:29.363 [INFO ] [main] [org.hibernate.Version] - HHH000412: Hibernate Core {5.0.12.Final}
19:30:29.366 [INFO ] [main] [org.hibernate.cfg.Environment] - HHH000206: hibernate.properties not found
19:30:29.368 [INFO ] [main] [org.hibernate.cfg.Environment] - HHH000021: Bytecode provider name : javassist
19:30:29.411 [INFO ] [main] [org.hibernate.annotations.common.Version] - HCANN000001: Hibernate Commons Annotations {5.0.1.Final}
19:30:29.602 [INFO ] [main] [org.hibernate.dialect.Dialect] - HHH000400: Using dialect: org.hibernate.dialect.MySQL5Dialect
19:30:29.933 [WARN ] [main] [org.hibernate.id.UUIDHexGenerator] - HHH000409: Using org.hibernate.id.UUIDHexGenerator which does not generate IETF RFC 4122 compliant UUID values; consider using org.hibernate.id.UUIDGenerator instead
19:30:30.349 [INFO ] [main] [org.springframework.orm.jpa.LocalContainerEntityManagerFactoryBean] - Initialized JPA EntityManagerFactory for persistence unit 'default'
19:30:31.958 [INFO ] [main] [org.hibernate.hql.internal.QueryTranslatorFactoryInitiator] - HHH000397: Using ASTQueryTranslatorFactory
19:30:32.737 [INFO ] [main] [org.springframework.web.servlet.mvc.method.annotation.RequestMappingHandlerAdapter] - Looking for @ControllerAdvice: org.springframework.boot.context.embedded.AnnotationConfigEmbeddedWebApplicationContext@1b266842: startup date [Wed Aug 23 19:30:23 CST 2017]; root of context hierarchy
19:30:32.826 [INFO ] [main] [org.springframework.web.servlet.mvc.method.annotation.RequestMappingHandlerMapping] - Mapped "{[/MaAlgorithmApi/tree],methods=[POST]}" onto public java.lang.String com.yirong.awaken.ma.api.MaAlgorithmApi.tree()
19:30:32.829 [INFO ] [main] [org.springframework.web.servlet.mvc.method.annotation.RequestMappingHandlerMapping] - Mapped "{[/MaDatabaseApi/get],methods=[POST]}" onto public java.lang.String com.yirong.awaken.ma.api.MaDatabaseApi.get(java.lang.String)
19:30:32.829 [INFO ] [main] [org.springframework.web.servlet.mvc.method.annotation.RequestMappingHandlerMapping] - Mapped "{[/MaDatabaseApi/update],methods=[POST]}" onto public java.lang.String com.yirong.awaken.ma.api.MaDatabaseApi.update(java.lang.String)
19:30:32.829 [INFO ] [main] [org.springframework.web.servlet.mvc.method.annotation.RequestMappingHandlerMapping] - Mapped "{[/MaDatabaseApi/delete],methods=[POST]}" onto public java.lang.String com.yirong.awaken.ma.api.MaDatabaseApi.delete(java.lang.String)
19:30:32.829 [INFO ] [main] [org.springframework.web.servlet.mvc.method.annotation.RequestMappingHandlerMapping] - Mapped "{[/MaDatabaseApi/list],methods=[POST]}" onto public java.lang.String com.yirong.awaken.ma.api.MaDatabaseApi.list(java.lang.String)
19:30:32.829 [INFO ] [main] [org.springframework.web.servlet.mvc.method.annotation.RequestMappingHandlerMapping] - Mapped "{[/MaDatabaseApi/save],methods=[POST]}" onto public java.lang.String com.yirong.awaken.ma.api.MaDatabaseApi.save(java.lang.String)
19:30:32.830 [INFO ] [main] [org.springframework.web.servlet.mvc.method.annotation.RequestMappingHandlerMapping] - Mapped "{[/MaDatabaseApi/tree],methods=[POST]}" onto public java.lang.String com.yirong.awaken.ma.api.MaDatabaseApi.tree()
19:30:32.830 [INFO ] [main] [org.springframework.web.servlet.mvc.method.annotation.RequestMappingHandlerMapping] - Mapped "{[/MaDatabaseApi/getByFlowId],methods=[POST]}" onto public java.lang.String com.yirong.awaken.ma.api.MaDatabaseApi.getByFlowId(java.lang.String)
19:30:32.830 [INFO ] [main] [org.springframework.web.servlet.mvc.method.annotation.RequestMappingHandlerMapping] - Mapped "{[/MaElementApi/get],methods=[POST]}" onto public java.lang.String com.yirong.awaken.ma.api.MaElementApi.get(java.lang.String)
19:30:32.831 [INFO ] [main] [org.springframework.web.servlet.mvc.method.annotation.RequestMappingHandlerMapping] - Mapped "{[/MaElementApi/update],methods=[POST]}" onto public java.lang.String com.yirong.awaken.ma.api.MaElementApi.update(java.lang.String)
19:30:32.831 [INFO ] [main] [org.springframework.web.servlet.mvc.method.annotation.RequestMappingHandlerMapping] - Mapped "{[/MaElementApi/list],methods=[POST]}" onto public java.lang.String com.yirong.awaken.ma.api.MaElementApi.list(java.lang.String)
19:30:32.831 [INFO ] [main] [org.springframework.web.servlet.mvc.method.annotation.RequestMappingHandlerMapping] - Mapped "{[/MaElementApi/getByObjectId],methods=[POST]}" onto public java.lang.String com.yirong.awaken.ma.api.MaElementApi.getByObjectId(java.lang.String)
19:30:32.832 [INFO ] [main] [org.springframework.web.servlet.mvc.method.annotation.RequestMappingHandlerMapping] - Mapped "{[/MaFieldApi/getField],methods=[POST]}" onto public java.lang.String com.yirong.awaken.ma.api.MaFieldApi.getField(java.lang.String)
19:30:32.832 [INFO ] [main] [org.springframework.web.servlet.mvc.method.annotation.RequestMappingHandlerMapping] - Mapped "{[/MaFieldApi/list],methods=[POST]}" onto public java.lang.String com.yirong.awaken.ma.api.MaFieldApi.list(java.lang.String)
19:30:32.832 [INFO ] [main] [org.springframework.web.servlet.mvc.method.annotation.RequestMappingHandlerMapping] - Mapped "{[/MaFieldApi/getFieldView],methods=[POST]}" onto public java.lang.String com.yirong.awaken.ma.api.MaFieldApi.getFieldForView(java.lang.String)
19:30:32.836 [INFO ] [main] [org.springframework.web.servlet.mvc.method.annotation.RequestMappingHandlerMapping] - Mapped "{[/MaFlowApi/get],methods=[POST]}" onto public java.lang.String com.yirong.awaken.ma.api.MaFlowApi.get(java.lang.String)
19:30:32.836 [INFO ] [main] [org.springframework.web.servlet.mvc.method.annotation.RequestMappingHandlerMapping] - Mapped "{[/MaFlowApi/update],methods=[POST]}" onto public java.lang.String com.yirong.awaken.ma.api.MaFlowApi.update(java.lang.String)
19:30:32.836 [INFO ] [main] [org.springframework.web.servlet.mvc.method.annotation.RequestMappingHandlerMapping] - Mapped "{[/MaFlowApi/delete],methods=[POST]}" onto public java.lang.String com.yirong.awaken.ma.api.MaFlowApi.delete(java.lang.String)
19:30:32.836 [INFO ] [main] [org.springframework.web.servlet.mvc.method.annotation.RequestMappingHandlerMapping] - Mapped "{[/MaFlowApi/list],methods=[POST]}" onto public java.lang.String com.yirong.awaken.ma.api.MaFlowApi.list(java.lang.String)
19:30:32.836 [INFO ] [main] [org.springframework.web.servlet.mvc.method.annotation.RequestMappingHandlerMapping] - Mapped "{[/MaFlowApi/save],methods=[POST]}" onto public java.lang.String com.yirong.awaken.ma.api.MaFlowApi.save(java.lang.String)
19:30:32.836 [INFO ] [main] [org.springframework.web.servlet.mvc.method.annotation.RequestMappingHandlerMapping] - Mapped "{[/MaFlowApi/tree],methods=[POST]}" onto public java.lang.String com.yirong.awaken.ma.api.MaFlowApi.tree(java.lang.String)
19:30:32.837 [INFO ] [main] [org.springframework.web.servlet.mvc.method.annotation.RequestMappingHandlerMapping] - Mapped "{[/MaFlowApi/getReleaseFlow],methods=[POST]}" onto public java.lang.String com.yirong.awaken.ma.api.MaFlowApi.getReleaseFlow()
19:30:32.837 [INFO ] [main] [org.springframework.web.servlet.mvc.method.annotation.RequestMappingHandlerMapping] - Mapped "{[/MaFlowApi/run],methods=[POST]}" onto public java.lang.String com.yirong.awaken.ma.api.MaFlowApi.runFlow(java.lang.String)
19:30:32.837 [INFO ] [main] [org.springframework.web.servlet.mvc.method.annotation.RequestMappingHandlerMapping] - Mapped "{[/MaReleaseApi/list],methods=[POST]}" onto public java.lang.String com.yirong.awaken.ma.api.MaReleaseApi.list(java.lang.String)
19:30:32.838 [INFO ] [main] [org.springframework.web.servlet.mvc.method.annotation.RequestMappingHandlerMapping] - Mapped "{[/MaReleaseApi/release],methods=[POST]}" onto public java.lang.String com.yirong.awaken.ma.api.MaReleaseApi.release(java.lang.String)
19:30:32.838 [INFO ] [main] [org.springframework.web.servlet.mvc.method.annotation.RequestMappingHandlerMapping] - Mapped "{[/MaRuleApi/tree],methods=[POST]}" onto public java.lang.String com.yirong.awaken.ma.api.MaRuleApi.tree()
19:30:32.839 [INFO ] [main] [org.springframework.web.servlet.mvc.method.annotation.RequestMappingHandlerMapping] - Mapped "{[/health],methods=[GET]}" onto public java.util.Map<java.lang.String, java.lang.Object> com.yirong.microservices.client.health.HealthController.health()
19:30:32.843 [INFO ] [main] [org.springframework.web.servlet.mvc.method.annotation.RequestMappingHandlerMapping] - Mapped "{[/sysDictionaryApi/update],methods=[POST]}" onto public java.lang.String com.yirong.commons.sys.api.SysDictionaryApi.update(java.lang.String)
19:30:32.843 [INFO ] [main] [org.springframework.web.servlet.mvc.method.annotation.RequestMappingHandlerMapping] - Mapped "{[/sysDictionaryApi/delete],methods=[POST]}" onto public java.lang.String com.yirong.commons.sys.api.SysDictionaryApi.delete(java.lang.String)
19:30:32.843 [INFO ] [main] [org.springframework.web.servlet.mvc.method.annotation.RequestMappingHandlerMapping] - Mapped "{[/sysDictionaryApi/create],methods=[POST]}" onto public java.lang.String com.yirong.commons.sys.api.SysDictionaryApi.create(java.lang.String)
19:30:32.843 [INFO ] [main] [org.springframework.web.servlet.mvc.method.annotation.RequestMappingHandlerMapping] - Mapped "{[/sysDictionaryApi/list],methods=[POST]}" onto public java.lang.String com.yirong.commons.sys.api.SysDictionaryApi.list(java.lang.String)
19:30:32.844 [INFO ] [main] [org.springframework.web.servlet.mvc.method.annotation.RequestMappingHandlerMapping] - Mapped "{[/sysDictionaryApi/tree],methods=[POST]}" onto public java.lang.String com.yirong.commons.sys.api.SysDictionaryApi.tree()
19:30:32.844 [INFO ] [main] [org.springframework.web.servlet.mvc.method.annotation.RequestMappingHandlerMapping] - Mapped "{[/sysDictionaryApi/getById],methods=[POST]}" onto public java.lang.String com.yirong.commons.sys.api.SysDictionaryApi.getById(java.lang.String)
19:30:32.844 [INFO ] [main] [org.springframework.web.servlet.mvc.method.annotation.RequestMappingHandlerMapping] - Mapped "{[/sysDictionaryApi/getByCode],methods=[POST]}" onto public java.lang.String com.yirong.commons.sys.api.SysDictionaryApi.getByCode(java.lang.String)
19:30:32.845 [INFO ] [main] [org.springframework.web.servlet.mvc.method.annotation.RequestMappingHandlerMapping] - Mapped "{[/sysLocalCacheApi/getCodeName],methods=[POST]}" onto public java.lang.String com.yirong.commons.sys.api.SysLocalCacheApi.getCodeName(java.lang.String)
19:30:32.845 [INFO ] [main] [org.springframework.web.servlet.mvc.method.annotation.RequestMappingHandlerMapping] - Mapped "{[/sysLocalCacheApi/getCodeList],methods=[POST]}" onto public java.lang.String com.yirong.commons.sys.api.SysLocalCacheApi.getCodeList(java.lang.String)
19:30:32.846 [INFO ] [main] [org.springframework.web.servlet.mvc.method.annotation.RequestMappingHandlerMapping] - Mapped "{[/error]}" onto public org.springframework.http.ResponseEntity<java.util.Map<java.lang.String, java.lang.Object>> org.springframework.boot.autoconfigure.web.BasicErrorController.error(javax.servlet.http.HttpServletRequest)
19:30:32.846 [INFO ] [main] [org.springframework.web.servlet.mvc.method.annotation.RequestMappingHandlerMapping] - Mapped "{[/error],produces=[text/html]}" onto public org.springframework.web.servlet.ModelAndView org.springframework.boot.autoconfigure.web.BasicErrorController.errorHtml(javax.servlet.http.HttpServletRequest,javax.servlet.http.HttpServletResponse)
19:30:32.908 [INFO ] [main] [org.springframework.web.servlet.handler.SimpleUrlHandlerMapping] - Mapped URL path [/webjars/**] onto handler of type [class org.springframework.web.servlet.resource.ResourceHttpRequestHandler]
19:30:32.909 [INFO ] [main] [org.springframework.web.servlet.handler.SimpleUrlHandlerMapping] - Mapped URL path [/**] onto handler of type [class org.springframework.web.servlet.resource.ResourceHttpRequestHandler]
19:30:32.968 [INFO ] [main] [org.springframework.web.servlet.handler.SimpleUrlHandlerMapping] - Mapped URL path [/**/favicon.ico] onto handler of type [class org.springframework.web.servlet.resource.ResourceHttpRequestHandler]
19:30:33.482 [INFO ] [main] [org.springframework.jmx.export.annotation.AnnotationMBeanExporter] - Registering beans for JMX exposure on startup
19:30:33.483 [INFO ] [main] [org.springframework.jmx.export.annotation.AnnotationMBeanExporter] - Bean with name 'dataSource' has been autodetected for JMX exposure
19:30:33.488 [INFO ] [main] [org.springframework.jmx.export.annotation.AnnotationMBeanExporter] - Located MBean 'dataSource': registering with JMX server as MBean [com.alibaba.druid.pool:name=dataSource,type=DruidDataSource]
19:30:33.496 [INFO ] [main] [org.springframework.scheduling.annotation.ScheduledAnnotationBeanPostProcessor] - No TaskScheduler/ScheduledExecutorService bean found for scheduled processing
19:30:33.511 [INFO ] [main] [org.eclipse.jetty.server.handler.ContextHandler.application] - Initializing Spring FrameworkServlet 'dispatcherServlet'
19:30:33.511 [INFO ] [main] [org.springframework.web.servlet.DispatcherServlet] - FrameworkServlet 'dispatcherServlet': initialization started
19:30:33.532 [INFO ] [main] [org.springframework.web.servlet.DispatcherServlet] - FrameworkServlet 'dispatcherServlet': initialization completed in 21 ms
19:30:33.816 [INFO ] [main] [org.eclipse.jetty.server.AbstractConnector] - Started ServerConnector@4def8aaa{HTTP/1.1,[http/1.1]}{0.0.0.0:8700}
19:30:33.816 [INFO ] [main] [org.springframework.boot.context.embedded.jetty.JettyEmbeddedServletContainer] - Jetty started on port(s) 8700 (http/1.1)
19:30:33.820 [INFO ] [main] [com.yirong.awaken.ma.listener.InitServiceRunner] - 服务启动执行,执行初始化微服务等操作 .
19:30:38.869 [INFO ] [main] [com.yirong.awaken.ma.listener.InitServiceRunner] - 执行初始化微服务等操作操作结束 .
19:30:38.869 [INFO ] [main] [com.yirong.awaken.ma.listener.InitServiceRunner] - 服务启动执行,初始化errorinfo.properties操作 .
19:30:38.871 [INFO ] [main] [com.yirong.awaken.ma.listener.InitServiceRunner] - 服务启动执行,初始化errorinfo.properties操作 .
19:30:38.873 [INFO ] [main] [com.yirong.MiningAnalysisApplication] - Started MiningAnalysisApplication in 15.477 seconds (JVM running for 16.255)
19:31:49.708 [WARN ] [qtp313124964-18] [net.sf.json.JSONObject] - Tried to assign property page:java.lang.Integer to bean of class com.yirong.awaken.ma.userentity.MaFlowUserEntity
19:32:04.640 [WARN ] [qtp313124964-23] [net.sf.json.JSONObject] - Tried to assign property page:java.lang.Integer to bean of class com.yirong.awaken.ma.userentity.MaFlowUserEntity
19:32:54.513 [WARN ] [qtp313124964-17] [net.sf.json.JSONObject] - Tried to assign property page:java.lang.Integer to bean of class com.yirong.awaken.ma.userentity.MaFlowUserEntity
19:32:59.151 [INFO ] [qtp313124964-23] [com.yirong.commons.util.server.HttpRequestUtils] - http post请求参数：{"pipeline":{"extract":{"queryDsl":"{}","columnMappings":[{"fieldName":"content","dataType":"string","originName":"content"},{"fieldName":"websiteName","dataType":"string","originName":"websiteName"},{"fieldName":"url","dataType":"string","originName":"url"},{"fieldName":"title","dataType":"string","originName":"title"},{"fieldName":"html","dataType":"string","originName":"html"},{"fieldName":"public_date","dataType":"string","originName":"public_date"},{"fieldName":"end_date","dataType":"string","originName":"end_date"},{"fieldName":"open_date","dataType":"string","originName":"open_date"},{"fieldName":"win_date","dataType":"string","originName":"win_date"},{"fieldName":"file_date","dataType":"string","originName":"file_date"},{"fieldName":"budget_price","dataType":"string","originName":"budget_price"},{"fieldName":"deal_price","dataType":"string","originName":"deal_price"},{"fieldName":"buy_price","dataType":"string","originName":"buy_price"},{"fieldName":"open_price","dataType":"string","originName":"open_price"},{"fieldName":"win_price","dataType":"string","originName":"win_price"},{"fieldName":"enter_price","dataType":"string","originName":"enter_price"},{"fieldName":"project","dataType":"string","originName":"project"},{"fieldName":"proxy","dataType":"string","originName":"proxy"},{"fieldName":"proxy_address","dataType":"string","originName":"proxy_address"},{"fieldName":"proxy_telephone","dataType":"string","originName":"proxy_telephone"},{"fieldName":"proxy_contacter","dataType":"string","originName":"proxy_contacter"},{"fieldName":"proxy_contacter_phone","dataType":"string","originName":"proxy_contacter_phone"},{"fieldName":"proxy_contacter_email","dataType":"string","originName":"proxy_contacter_email"},{"fieldName":"buyer","dataType":"string","originName":"buyer"},{"fieldName":"buyer_address","dataType":"string","originName":"buyer_address"},{"fieldName":"buyer_telephone","dataType":"string","originName":"buyer_telephone"},{"fieldName":"buyer_contacter","dataType":"string","originName":"buyer_contacter"},{"fieldName":"buyer_contacter_phone","dataType":"string","originName":"buyer_contacter_phone"},{"fieldName":"buyer_contacter_email","dataType":"string","originName":"buyer_contacter_email"},{"fieldName":"file_mail_address","dataType":"string","originName":"file_mail_address"},{"fieldName":"qualification","dataType":"string","originName":"qualification"},{"fieldName":"province","dataType":"string","originName":"province"},{"fieldName":"city","dataType":"string","originName":"city"},{"fieldName":"area","dataType":"string","originName":"area"},{"fieldName":"bid_type","dataType":"string","originName":"bid_type"},{"fieldName":"title_type","dataType":"string","originName":"title_type"},{"fieldName":"registered_in_china","dataType":"string","originName":"registered_in_china"},{"fieldName":"allow_union","dataType":"string","originName":"allow_union"},{"fieldName":"bid_number","dataType":"string","originName":"bid_number"},{"fieldName":"service_provider","dataType":"string","originName":"service_provider"},{"fieldName":"committee","dataType":"string","originName":"committee"},{"fieldName":"bid_method","dataType":"string","originName":"bid_method"},{"fieldName":"buy_method","dataType":"string","originName":"buy_method"},{"fieldName":"duration","dataType":"string","originName":"duration"},{"fieldName":"createTime","dataType":"date","originName":"createTime"}],"servers":"s03.basin.ali:9200","name":"elasticsearch","esIndex":"dm_bid_info","esType":"type"},"loads":[{"mode":"overwrite","columnMappings":[],"password":"awaken","jdbcUrl":"jdbc:mysql://115.29.108.3:3306/matest?useUnicode=true&characterEncoding=utf8","name":"mysql","userName":"awaken","tableName":"ma_time"},{"servers":"s03.basin.ali:9200","name":"elasticsearch","esIndex":"ma_time","esType":"type"}],"transforms":[{"formatColumns":"end_date,open_date,win_date,createTime","name":"formatDateColumns","order":1},{"columns":"end_date,open_date,win_date","name":"selectColumns","order":2}]}}
19:33:00.029 [INFO ] [pool-1-thread-1] [com.yirong.awaken.core.aop.TaskAop] - Begin batch (pool-1-thread-1): job doFlowJob
19:33:00.044 [INFO ] [pool-1-thread-1] [com.yirong.awaken.ma.job.MaFlowJob] - ***************doFlowJob定时任务开始**********
19:33:00.229 [INFO ] [pool-1-thread-1] [com.yirong.awaken.ma.job.MaFlowJob] - ***************doFlowJob定时任务结束**********
19:33:09.091 [INFO ] [pool-3-thread-1] [com.yirong.commons.cache.util.LocalCacheJob] - ==============deleDataService定时任务开始运行==========
19:33:09.091 [INFO ] [pool-3-thread-1] [com.yirong.commons.cache.util.LocalCacheJob] - ==============deleDataService定时任务结束运行==========
19:33:17.343 [INFO ] [qtp313124964-23] [com.yirong.commons.util.server.HttpRequestUtils] - http post返回数据：{
  "id": "application_1503281569187_0039"
}

19:33:18.501 [WARN ] [qtp313124964-23] [net.sf.json.JSONObject] - Tried to assign property page:java.lang.Integer to bean of class com.yirong.awaken.ma.userentity.MaFlowUserEntity
19:35:09.090 [INFO ] [pool-3-thread-1] [com.yirong.commons.cache.util.LocalCacheJob] - ==============deleDataService定时任务开始运行==========
19:35:09.090 [INFO ] [pool-3-thread-1] [com.yirong.commons.cache.util.LocalCacheJob] - ==============deleDataService定时任务结束运行==========
19:36:00.004 [INFO ] [pool-1-thread-1] [com.yirong.awaken.core.aop.TaskAop] - Begin batch (pool-1-thread-1): job doFlowJob
19:36:00.005 [INFO ] [pool-1-thread-1] [com.yirong.awaken.ma.job.MaFlowJob] - ***************doFlowJob定时任务开始**********
19:36:00.156 [INFO ] [pool-1-thread-1] [com.yirong.commons.util.server.HttpRequestUtils] - http get请求地址：http://121.42.55.123:5050/api/v1.0/mission/application_1503281569187_0039
19:36:00.251 [INFO ] [pool-1-thread-1] [com.yirong.commons.util.server.HttpRequestUtils] - http get返回数据：{"app":{"id":"application_1503281569187_0039","user":"root","name":"basin-etl","queue":"default","state":"FINISHED","finalStatus":"SUCCEEDED","progress":100.0,"trackingUI":"History","trackingUrl":"http://s01.basin.ali:8088/proxy/application_1503281569187_0039/","diagnostics":"","clusterId":1503281569187,"applicationType":"SPARK","applicationTags":"","priority":0,"startedTime":1503487947448,"finishedTime":1503488047732,"elapsedTime":100284,"amContainerLogs":"http://s01.basin.ali:8042/node/containerlogs/container_e24_1503281569187_0039_01_000001/root","amHostHttpAddress":"s01.basin.ali:8042","allocatedMB":-1,"allocatedVCores":-1,"runningContainers":-1,"memorySeconds":577907,"vcoreSeconds":280,"queueUsagePercentage":0.0,"clusterUsagePercentage":0.0,"preemptedResourceMB":0,"preemptedResourceVCores":0,"numNonAMContainerPreempted":0,"numAMContainerPreempted":0,"logAggregationStatus":"SUCCEEDED","unmanagedApplication":false,"amNodeLabelExpression":""}}
19:36:00.365 [INFO ] [pool-1-thread-1] [com.yirong.awaken.ma.job.MaFlowJob] - ***************doFlowJob定时任务结束**********
19:37:09.090 [INFO ] [pool-3-thread-1] [com.yirong.commons.cache.util.LocalCacheJob] - ==============deleDataService定时任务开始运行==========
19:37:09.090 [INFO ] [pool-3-thread-1] [com.yirong.commons.cache.util.LocalCacheJob] - ==============deleDataService定时任务结束运行==========
19:39:00.003 [INFO ] [pool-1-thread-1] [com.yirong.awaken.core.aop.TaskAop] - Begin batch (pool-1-thread-1): job doFlowJob
19:39:00.004 [INFO ] [pool-1-thread-1] [com.yirong.awaken.ma.job.MaFlowJob] - ***************doFlowJob定时任务开始**********
19:39:00.182 [INFO ] [pool-1-thread-1] [com.yirong.awaken.ma.job.MaFlowJob] - ***************doFlowJob定时任务结束**********
19:39:09.091 [INFO ] [pool-3-thread-1] [com.yirong.commons.cache.util.LocalCacheJob] - ==============deleDataService定时任务开始运行==========
19:39:09.091 [INFO ] [pool-3-thread-1] [com.yirong.commons.cache.util.LocalCacheJob] - ==============deleDataService定时任务结束运行==========
19:41:09.091 [INFO ] [pool-3-thread-1] [com.yirong.commons.cache.util.LocalCacheJob] - ==============deleDataService定时任务开始运行==========
19:41:09.091 [INFO ] [pool-3-thread-1] [com.yirong.commons.cache.util.LocalCacheJob] - ==============deleDataService定时任务结束运行==========
19:42:00.001 [INFO ] [pool-1-thread-1] [com.yirong.awaken.core.aop.TaskAop] - Begin batch (pool-1-thread-1): job doFlowJob
19:42:00.002 [INFO ] [pool-1-thread-1] [com.yirong.awaken.ma.job.MaFlowJob] - ***************doFlowJob定时任务开始**********
19:42:00.175 [INFO ] [pool-1-thread-1] [com.yirong.awaken.ma.job.MaFlowJob] - ***************doFlowJob定时任务结束**********
19:43:09.090 [INFO ] [pool-3-thread-1] [com.yirong.commons.cache.util.LocalCacheJob] - ==============deleDataService定时任务开始运行==========
19:43:09.090 [INFO ] [pool-3-thread-1] [com.yirong.commons.cache.util.LocalCacheJob] - ==============deleDataService定时任务结束运行==========
19:45:00.003 [INFO ] [pool-1-thread-1] [com.yirong.awaken.core.aop.TaskAop] - Begin batch (pool-1-thread-1): job doFlowJob
19:45:00.003 [INFO ] [pool-1-thread-1] [com.yirong.awaken.ma.job.MaFlowJob] - ***************doFlowJob定时任务开始**********
19:45:00.177 [INFO ] [pool-1-thread-1] [com.yirong.awaken.ma.job.MaFlowJob] - ***************doFlowJob定时任务结束**********
19:45:09.090 [INFO ] [pool-3-thread-1] [com.yirong.commons.cache.util.LocalCacheJob] - ==============deleDataService定时任务开始运行==========
19:45:09.090 [INFO ] [pool-3-thread-1] [com.yirong.commons.cache.util.LocalCacheJob] - ==============deleDataService定时任务结束运行==========
19:47:09.090 [INFO ] [pool-3-thread-1] [com.yirong.commons.cache.util.LocalCacheJob] - ==============deleDataService定时任务开始运行==========
19:47:09.090 [INFO ] [pool-3-thread-1] [com.yirong.commons.cache.util.LocalCacheJob] - ==============deleDataService定时任务结束运行==========
19:48:00.003 [INFO ] [pool-1-thread-1] [com.yirong.awaken.core.aop.TaskAop] - Begin batch (pool-1-thread-1): job doFlowJob
19:48:00.004 [INFO ] [pool-1-thread-1] [com.yirong.awaken.ma.job.MaFlowJob] - ***************doFlowJob定时任务开始**********
19:48:00.180 [INFO ] [pool-1-thread-1] [com.yirong.awaken.ma.job.MaFlowJob] - ***************doFlowJob定时任务结束**********
