14:16:02.015 [INFO ] [main] [com.yirong.UserApplication] - Starting UserApplication on DESKTOP-1DIFKEJ with PID 20952 (E:\basin-iis-code\com.yirong.iis.user\target\classes started by lijp in E:\basin-iis-code\com.yirong.iis.user)
14:16:02.084 [INFO ] [main] [com.yirong.UserApplication] - No active profile set, falling back to default profiles: default
14:16:02.168 [INFO ] [main] [org.springframework.boot.context.embedded.AnnotationConfigEmbeddedWebApplicationContext] - Refreshing org.springframework.boot.context.embedded.AnnotationConfigEmbeddedWebApplicationContext@6f1c29b7: startup date [Thu Nov 09 14:16:02 CST 2017]; root of context hierarchy
14:16:02.520 [INFO ] [background-preinit] [org.hibernate.validator.internal.util.Version] - HV000001: Hibernate Validator 5.3.5.Final
14:16:05.193 [INFO ] [main] [org.springframework.beans.factory.support.DefaultListableBeanFactory] - Overriding bean definition for bean 'dataSource' with a different definition: replacing [Root bean: class [null]; scope=; abstract=false; lazyInit=false; autowireMode=3; dependencyCheck=0; autowireCandidate=true; primary=false; factoryBeanName=coreApplication; factoryMethodName=dataSource; initMethodName=null; destroyMethodName=close; defined in class path resource [com/yirong/awaken/core/CoreApplication.class]] with [Root bean: class [null]; scope=; abstract=false; lazyInit=false; autowireMode=3; dependencyCheck=0; autowireCandidate=true; primary=false; factoryBeanName=userApplication; factoryMethodName=dataSource; initMethodName=null; destroyMethodName=close; defined in com.yirong.UserApplication]
14:16:05.196 [INFO ] [main] [org.springframework.beans.factory.support.DefaultListableBeanFactory] - Overriding bean definition for bean 'transactionInterceptor' with a different definition: replacing [Root bean: class [null]; scope=; abstract=false; lazyInit=false; autowireMode=3; dependencyCheck=0; autowireCandidate=true; primary=false; factoryBeanName=org.springframework.transaction.annotation.ProxyTransactionManagementConfiguration; factoryMethodName=transactionInterceptor; initMethodName=null; destroyMethodName=(inferred); defined in class path resource [org/springframework/transaction/annotation/ProxyTransactionManagementConfiguration.class]] with [Root bean: class [null]; scope=; abstract=false; lazyInit=false; autowireMode=3; dependencyCheck=0; autowireCandidate=true; primary=false; factoryBeanName=userApplication; factoryMethodName=transactionInterceptor; initMethodName=null; destroyMethodName=(inferred); defined in com.yirong.UserApplication]
14:16:05.910 [INFO ] [main] [org.springframework.context.support.PostProcessorRegistrationDelegate$BeanPostProcessorChecker] - Bean 'userApplication' of type [com.yirong.UserApplication$$EnhancerBySpringCGLIB$$c0bc1c5f] is not eligible for getting processed by all BeanPostProcessors (for example: not eligible for auto-proxying)
14:16:06.959 [INFO ] [main] [com.alibaba.druid.pool.DruidDataSource] - {dataSource-1} inited
14:16:07.071 [INFO ] [main] [org.springframework.orm.jpa.LocalContainerEntityManagerFactoryBean] - Building JPA container EntityManagerFactory for persistence unit 'default'
14:16:07.168 [INFO ] [main] [org.hibernate.jpa.internal.util.LogHelper] - HHH000204: Processing PersistenceUnitInfo [
	name: default
	...]
14:16:07.263 [INFO ] [main] [org.hibernate.Version] - HHH000412: Hibernate Core {5.0.12.Final}
14:16:07.267 [INFO ] [main] [org.hibernate.cfg.Environment] - HHH000206: hibernate.properties not found
14:16:07.269 [INFO ] [main] [org.hibernate.cfg.Environment] - HHH000021: Bytecode provider name : javassist
14:16:07.345 [INFO ] [main] [org.hibernate.annotations.common.Version] - HCANN000001: Hibernate Commons Annotations {5.0.1.Final}
14:16:07.484 [INFO ] [main] [org.hibernate.dialect.Dialect] - HHH000400: Using dialect: org.hibernate.dialect.Oracle9iDialect
14:16:07.521 [INFO ] [main] [org.hibernate.engine.jdbc.env.internal.LobCreatorBuilderImpl] - HHH000424: Disabling contextual LOB creation as createClob() method threw error : java.lang.reflect.InvocationTargetException
14:16:07.797 [WARN ] [main] [org.hibernate.id.UUIDHexGenerator] - HHH000409: Using org.hibernate.id.UUIDHexGenerator which does not generate IETF RFC 4122 compliant UUID values; consider using org.hibernate.id.UUIDGenerator instead
14:16:08.123 [INFO ] [main] [org.springframework.orm.jpa.LocalContainerEntityManagerFactoryBean] - Initialized JPA EntityManagerFactory for persistence unit 'default'
14:16:08.348 [INFO ] [main] [org.eclipse.jetty.util.log] - Logging initialized @7357ms to org.eclipse.jetty.util.log.Slf4jLog
14:16:08.440 [INFO ] [main] [org.springframework.boot.context.embedded.jetty.JettyEmbeddedServletContainerFactory] - Server initialized with port: 10200
14:16:08.444 [INFO ] [main] [org.eclipse.jetty.server.Server] - jetty-9.4.4.v20170414
14:16:08.489 [INFO ] [main] [org.eclipse.jetty.server.session] - DefaultSessionIdManager workerName=node0
14:16:08.490 [INFO ] [main] [org.eclipse.jetty.server.session] - No SessionScavenger set, using defaults
14:16:08.493 [INFO ] [main] [org.eclipse.jetty.server.session] - Scavenging every 660000ms
14:16:08.499 [INFO ] [main] [org.eclipse.jetty.server.handler.ContextHandler.application] - Initializing Spring embedded WebApplicationContext
14:16:08.499 [INFO ] [main] [org.springframework.web.context.ContextLoader] - Root WebApplicationContext: initialization completed in 6331 ms
14:16:08.681 [INFO ] [main] [org.springframework.boot.web.servlet.ServletRegistrationBean] - Mapping servlet: 'dispatcherServlet' to [/]
14:16:08.684 [INFO ] [main] [org.springframework.boot.web.servlet.FilterRegistrationBean] - Mapping filter: 'characterEncodingFilter' to: [/*]
14:16:08.688 [INFO ] [main] [org.springframework.boot.web.servlet.FilterRegistrationBean] - Mapping filter: 'hiddenHttpMethodFilter' to: [/*]
14:16:08.688 [INFO ] [main] [org.springframework.boot.web.servlet.FilterRegistrationBean] - Mapping filter: 'httpPutFormContentFilter' to: [/*]
14:16:08.688 [INFO ] [main] [org.springframework.boot.web.servlet.FilterRegistrationBean] - Mapping filter: 'requestContextFilter' to: [/*]
14:16:08.689 [INFO ] [main] [org.eclipse.jetty.server.handler.ContextHandler] - Started o.s.b.c.e.j.JettyEmbeddedWebAppContext@808fa1{/user,[file:///E:/basin-iis-code/com.yirong.iis.user/src/main/webapp/],AVAILABLE}
14:16:08.689 [INFO ] [main] [org.eclipse.jetty.server.Server] - Started @7698ms
14:16:09.135 [INFO ] [main] [org.hibernate.hql.internal.QueryTranslatorFactoryInitiator] - HHH000397: Using ASTQueryTranslatorFactory
14:16:09.918 [INFO ] [main] [org.springframework.web.servlet.mvc.method.annotation.RequestMappingHandlerAdapter] - Looking for @ControllerAdvice: org.springframework.boot.context.embedded.AnnotationConfigEmbeddedWebApplicationContext@6f1c29b7: startup date [Thu Nov 09 14:16:02 CST 2017]; root of context hierarchy
14:16:10.025 [INFO ] [main] [org.springframework.web.servlet.mvc.method.annotation.RequestMappingHandlerMapping] - Mapped "{[/forward.do],methods=[GET]}" onto public java.lang.String com.yirong.commons.web.controller.BaseController.forward(java.lang.String,javax.servlet.http.HttpServletRequest,javax.servlet.http.HttpServletResponse)
14:16:10.026 [INFO ] [main] [org.springframework.web.servlet.mvc.method.annotation.RequestMappingHandlerMapping] - Mapped "{[/isCheck.do],methods=[POST]}" onto public java.lang.String com.yirong.commons.web.controller.BaseController.isCheck(javax.servlet.http.HttpServletRequest)
14:16:10.027 [INFO ] [main] [org.springframework.web.servlet.mvc.method.annotation.RequestMappingHandlerMapping] - Mapped "{[/login.do],methods=[GET]}" onto public void com.yirong.commons.web.controller.BaseController.login(javax.servlet.http.HttpServletRequest,javax.servlet.http.HttpServletResponse)
14:16:10.027 [INFO ] [main] [org.springframework.web.servlet.mvc.method.annotation.RequestMappingHandlerMapping] - Mapped "{[/msService],methods=[POST]}" onto public java.lang.String com.yirong.commons.web.controller.BaseController.msService(java.lang.String,java.lang.String,java.lang.String,javax.servlet.http.HttpServletRequest,javax.servlet.http.HttpServletResponse)
14:16:10.032 [INFO ] [main] [org.springframework.web.servlet.mvc.method.annotation.RequestMappingHandlerMapping] - Mapped "{[/baseRest/loginSubmit],methods=[POST]}" onto public java.lang.String com.yirong.commons.web.controller.BaseRestController.loginSubmit(javax.servlet.http.HttpServletRequest,javax.servlet.http.HttpServletResponse,java.lang.String)
14:16:10.033 [INFO ] [main] [org.springframework.web.servlet.mvc.method.annotation.RequestMappingHandlerMapping] - Mapped "{[/baseRest/getSessionCount],methods=[POST]}" onto public java.lang.String com.yirong.commons.web.controller.BaseRestController.getSessionCount(javax.servlet.http.HttpServletRequest)
14:16:10.033 [INFO ] [main] [org.springframework.web.servlet.mvc.method.annotation.RequestMappingHandlerMapping] - Mapped "{[/baseRest/loginout],methods=[POST]}" onto public java.lang.String com.yirong.commons.web.controller.BaseRestController.loginout(javax.servlet.http.HttpServletRequest,javax.servlet.http.HttpServletResponse)
14:16:10.033 [INFO ] [main] [org.springframework.web.servlet.mvc.method.annotation.RequestMappingHandlerMapping] - Mapped "{[/baseRest/getMenu],methods=[POST]}" onto public java.lang.String com.yirong.commons.web.controller.BaseRestController.getMenu(javax.servlet.http.HttpServletRequest,java.lang.String,java.lang.String)
14:16:10.033 [INFO ] [main] [org.springframework.web.servlet.mvc.method.annotation.RequestMappingHandlerMapping] - Mapped "{[/baseRest/getLoginUser],methods=[POST]}" onto public java.lang.String com.yirong.commons.web.controller.BaseRestController.getLoginUser(javax.servlet.http.HttpServletRequest)
14:16:10.042 [INFO ] [main] [org.springframework.web.servlet.mvc.method.annotation.RequestMappingHandlerMapping] - Mapped "{[/sysDictionaryApi/update],methods=[POST]}" onto public java.lang.String com.yirong.commons.sys.api.SysDictionaryApi.update(java.lang.String)
14:16:10.042 [INFO ] [main] [org.springframework.web.servlet.mvc.method.annotation.RequestMappingHandlerMapping] - Mapped "{[/sysDictionaryApi/delete],methods=[POST]}" onto public java.lang.String com.yirong.commons.sys.api.SysDictionaryApi.delete(java.lang.String)
14:16:10.042 [INFO ] [main] [org.springframework.web.servlet.mvc.method.annotation.RequestMappingHandlerMapping] - Mapped "{[/sysDictionaryApi/save],methods=[POST]}" onto public java.lang.String com.yirong.commons.sys.api.SysDictionaryApi.save(java.lang.String)
14:16:10.043 [INFO ] [main] [org.springframework.web.servlet.mvc.method.annotation.RequestMappingHandlerMapping] - Mapped "{[/sysDictionaryApi/getTree],methods=[POST]}" onto public java.lang.String com.yirong.commons.sys.api.SysDictionaryApi.getTree(java.lang.String)
14:16:10.043 [INFO ] [main] [org.springframework.web.servlet.mvc.method.annotation.RequestMappingHandlerMapping] - Mapped "{[/sysDictionaryApi/getCodeList],methods=[POST]}" onto public java.lang.String com.yirong.commons.sys.api.SysDictionaryApi.getCodeList(java.lang.String)
14:16:10.043 [INFO ] [main] [org.springframework.web.servlet.mvc.method.annotation.RequestMappingHandlerMapping] - Mapped "{[/sysDictionaryApi/queryList],methods=[POST]}" onto public java.lang.String com.yirong.commons.sys.api.SysDictionaryApi.queryList(java.lang.String)
14:16:10.044 [INFO ] [main] [org.springframework.web.servlet.mvc.method.annotation.RequestMappingHandlerMapping] - Mapped "{[/sysDictionaryApi/getCodeName],methods=[POST]}" onto public java.lang.String com.yirong.commons.sys.api.SysDictionaryApi.getCodeName(java.lang.String)
14:16:10.044 [INFO ] [main] [org.springframework.web.servlet.mvc.method.annotation.RequestMappingHandlerMapping] - Mapped "{[/sysDictionaryApi/getByCode],methods=[POST]}" onto public java.lang.String com.yirong.commons.sys.api.SysDictionaryApi.getByCode(java.lang.String)
14:16:10.044 [INFO ] [main] [org.springframework.web.servlet.mvc.method.annotation.RequestMappingHandlerMapping] - Mapped "{[/sysDictionaryApi/getById],methods=[POST]}" onto public java.lang.String com.yirong.commons.sys.api.SysDictionaryApi.getById(java.lang.String)
14:16:10.050 [INFO ] [main] [org.springframework.web.servlet.mvc.method.annotation.RequestMappingHandlerMapping] - Mapped "{[/sysParameterApi/update],methods=[POST]}" onto public java.lang.String com.yirong.commons.sys.api.SysParameterApi.update(java.lang.String)
14:16:10.051 [INFO ] [main] [org.springframework.web.servlet.mvc.method.annotation.RequestMappingHandlerMapping] - Mapped "{[/sysParameterApi/delete],methods=[POST]}" onto public java.lang.String com.yirong.commons.sys.api.SysParameterApi.delete(java.lang.String)
14:16:10.051 [INFO ] [main] [org.springframework.web.servlet.mvc.method.annotation.RequestMappingHandlerMapping] - Mapped "{[/sysParameterApi/save],methods=[POST]}" onto public java.lang.String com.yirong.commons.sys.api.SysParameterApi.save(java.lang.String)
14:16:10.051 [INFO ] [main] [org.springframework.web.servlet.mvc.method.annotation.RequestMappingHandlerMapping] - Mapped "{[/sysParameterApi/queryList],methods=[POST]}" onto public java.lang.String com.yirong.commons.sys.api.SysParameterApi.queryList(java.lang.String)
14:16:10.052 [INFO ] [main] [org.springframework.web.servlet.mvc.method.annotation.RequestMappingHandlerMapping] - Mapped "{[/sysParameterApi/getById],methods=[POST]}" onto public java.lang.String com.yirong.commons.sys.api.SysParameterApi.getById(java.lang.String)
14:16:10.054 [INFO ] [main] [org.springframework.web.servlet.mvc.method.annotation.RequestMappingHandlerMapping] - Mapped "{[/health],methods=[GET]}" onto public java.util.Map<java.lang.String, java.lang.Object> com.yirong.microservices.client.health.HealthController.health()
14:16:10.057 [INFO ] [main] [org.springframework.web.servlet.mvc.method.annotation.RequestMappingHandlerMapping] - Mapped "{[/error]}" onto public org.springframework.http.ResponseEntity<java.util.Map<java.lang.String, java.lang.Object>> org.springframework.boot.autoconfigure.web.BasicErrorController.error(javax.servlet.http.HttpServletRequest)
14:16:10.057 [INFO ] [main] [org.springframework.web.servlet.mvc.method.annotation.RequestMappingHandlerMapping] - Mapped "{[/error],produces=[text/html]}" onto public org.springframework.web.servlet.ModelAndView org.springframework.boot.autoconfigure.web.BasicErrorController.errorHtml(javax.servlet.http.HttpServletRequest,javax.servlet.http.HttpServletResponse)
14:16:10.132 [INFO ] [main] [org.springframework.web.servlet.handler.SimpleUrlHandlerMapping] - Mapped URL path [/templates/**] onto handler of type [class org.springframework.web.servlet.resource.ResourceHttpRequestHandler]
14:16:10.132 [INFO ] [main] [org.springframework.web.servlet.handler.SimpleUrlHandlerMapping] - Mapped URL path [/false**] onto handler of type [class org.springframework.web.servlet.resource.ResourceHttpRequestHandler]
14:16:10.132 [INFO ] [main] [org.springframework.web.servlet.handler.SimpleUrlHandlerMapping] - Mapped URL path [/webjars/**] onto handler of type [class org.springframework.web.servlet.resource.ResourceHttpRequestHandler]
14:16:10.133 [INFO ] [main] [org.springframework.web.servlet.handler.SimpleUrlHandlerMapping] - Mapped URL path [/**] onto handler of type [class org.springframework.web.servlet.resource.ResourceHttpRequestHandler]
14:16:10.205 [INFO ] [main] [org.springframework.web.servlet.handler.SimpleUrlHandlerMapping] - Mapped URL path [/**/favicon.ico] onto handler of type [class org.springframework.web.servlet.resource.ResourceHttpRequestHandler]
14:16:10.875 [INFO ] [main] [io.searchbox.client.AbstractJestClient] - Setting server pool to a list of 1 servers: [http://localhost:9200]
14:16:10.877 [INFO ] [main] [io.searchbox.client.JestClientFactory] - Using multi thread/connection supporting pooling connection manager
14:16:10.972 [INFO ] [main] [io.searchbox.client.JestClientFactory] - Using custom GSON instance
14:16:10.972 [INFO ] [main] [io.searchbox.client.JestClientFactory] - Node Discovery disabled...
14:16:10.972 [INFO ] [main] [io.searchbox.client.JestClientFactory] - Idle connection reaping disabled...
14:16:11.282 [INFO ] [main] [org.springframework.jmx.export.annotation.AnnotationMBeanExporter] - Registering beans for JMX exposure on startup
14:16:11.289 [INFO ] [main] [org.springframework.jmx.export.annotation.AnnotationMBeanExporter] - Bean with name 'dataSource' has been autodetected for JMX exposure
14:16:11.301 [INFO ] [main] [org.springframework.jmx.export.annotation.AnnotationMBeanExporter] - Located MBean 'dataSource': registering with JMX server as MBean [com.alibaba.druid.pool:name=dataSource,type=DruidDataSource]
14:16:11.322 [INFO ] [main] [org.eclipse.jetty.server.handler.ContextHandler.application] - Initializing Spring FrameworkServlet 'dispatcherServlet'
14:16:11.322 [INFO ] [main] [org.springframework.web.servlet.DispatcherServlet] - FrameworkServlet 'dispatcherServlet': initialization started
14:16:11.351 [INFO ] [main] [org.springframework.web.servlet.DispatcherServlet] - FrameworkServlet 'dispatcherServlet': initialization completed in 29 ms
14:16:11.583 [INFO ] [main] [org.eclipse.jetty.server.AbstractConnector] - Started ServerConnector@52e67513{HTTP/1.1,[http/1.1]}{0.0.0.0:10200}
14:16:11.584 [INFO ] [main] [org.springframework.boot.context.embedded.jetty.JettyEmbeddedServletContainer] - Jetty started on port(s) 10200 (http/1.1)
14:16:11.592 [INFO ] [main] [com.yirong.UserApplication] - Started UserApplication in 9.945 seconds (JVM running for 10.601)
